{"C:\\Users\\bizai\\Documents\\GitHub\\OtelE2E\\server\\storage.ts": {"path":"C:\\Users\\bizai\\Documents\\GitHub\\OtelE2E\\server\\storage.ts","all":false,"statementMap":{"0":{"start":{"line":1,"column":0},"end":{"line":1,"column":204}},"12":{"start":{"line":13,"column":0},"end":{"line":13,"column":62}},"13":{"start":{"line":14,"column":0},"end":{"line":14,"column":35}},"14":{"start":{"line":15,"column":0},"end":{"line":15,"column":59}},"16":{"start":{"line":17,"column":0},"end":{"line":17,"column":57}},"17":{"start":{"line":18,"column":0},"end":{"line":18,"column":22}},"18":{"start":{"line":19,"column":0},"end":{"line":19,"column":32}},"19":{"start":{"line":20,"column":0},"end":{"line":20,"column":55}},"20":{"start":{"line":21,"column":0},"end":{"line":21,"column":3}},"21":{"start":{"line":22,"column":0},"end":{"line":22,"column":17}},"22":{"start":{"line":23,"column":0},"end":{"line":23,"column":1}},"27":{"start":{"line":28,"column":0},"end":{"line":28,"column":44}},"28":{"start":{"line":29,"column":0},"end":{"line":29,"column":29}},"29":{"start":{"line":30,"column":0},"end":{"line":30,"column":1}},"35":{"start":{"line":36,"column":0},"end":{"line":36,"column":30}},"36":{"start":{"line":37,"column":0},"end":{"line":37,"column":47}},"37":{"start":{"line":38,"column":0},"end":{"line":38,"column":43}},"38":{"start":{"line":39,"column":0},"end":{"line":39,"column":2}},"41":{"start":{"line":42,"column":0},"end":{"line":42,"column":29}},"42":{"start":{"line":43,"column":0},"end":{"line":43,"column":10}},"43":{"start":{"line":44,"column":0},"end":{"line":44,"column":41}},"44":{"start":{"line":45,"column":0},"end":{"line":45,"column":64}},"45":{"start":{"line":46,"column":0},"end":{"line":46,"column":30}},"46":{"start":{"line":47,"column":0},"end":{"line":47,"column":4}},"47":{"start":{"line":48,"column":0},"end":{"line":48,"column":8}},"48":{"start":{"line":49,"column":0},"end":{"line":49,"column":39}},"49":{"start":{"line":50,"column":0},"end":{"line":50,"column":64}},"50":{"start":{"line":51,"column":0},"end":{"line":51,"column":28}},"51":{"start":{"line":52,"column":0},"end":{"line":52,"column":4}},"52":{"start":{"line":53,"column":0},"end":{"line":53,"column":2}},"115":{"start":{"line":116,"column":0},"end":{"line":116,"column":48}},"117":{"start":{"line":118,"column":0},"end":{"line":118,"column":89}},"118":{"start":{"line":119,"column":0},"end":{"line":119,"column":89}},"119":{"start":{"line":120,"column":0},"end":{"line":120,"column":91}},"120":{"start":{"line":121,"column":0},"end":{"line":121,"column":104}},"121":{"start":{"line":122,"column":0},"end":{"line":122,"column":73}},"124":{"start":{"line":125,"column":0},"end":{"line":125,"column":55}},"125":{"start":{"line":126,"column":0},"end":{"line":126,"column":55}},"126":{"start":{"line":127,"column":0},"end":{"line":127,"column":49}},"127":{"start":{"line":128,"column":0},"end":{"line":128,"column":49}},"128":{"start":{"line":129,"column":0},"end":{"line":129,"column":47}},"129":{"start":{"line":130,"column":0},"end":{"line":130,"column":21}},"131":{"start":{"line":132,"column":0},"end":{"line":132,"column":17}},"132":{"start":{"line":133,"column":0},"end":{"line":133,"column":30}},"133":{"start":{"line":134,"column":0},"end":{"line":134,"column":3}},"135":{"start":{"line":136,"column":0},"end":{"line":136,"column":38}},"137":{"start":{"line":138,"column":0},"end":{"line":138,"column":62}},"138":{"start":{"line":139,"column":0},"end":{"line":139,"column":32}},"139":{"start":{"line":140,"column":0},"end":{"line":140,"column":32}},"140":{"start":{"line":141,"column":0},"end":{"line":141,"column":30}},"141":{"start":{"line":142,"column":0},"end":{"line":142,"column":30}},"142":{"start":{"line":143,"column":0},"end":{"line":143,"column":79}},"143":{"start":{"line":144,"column":0},"end":{"line":144,"column":26}},"144":{"start":{"line":145,"column":0},"end":{"line":145,"column":30}},"145":{"start":{"line":146,"column":0},"end":{"line":146,"column":8}},"147":{"start":{"line":148,"column":0},"end":{"line":148,"column":50}},"148":{"start":{"line":149,"column":0},"end":{"line":149,"column":65}},"149":{"start":{"line":150,"column":0},"end":{"line":150,"column":65}},"152":{"start":{"line":153,"column":0},"end":{"line":153,"column":62}},"154":{"start":{"line":155,"column":0},"end":{"line":155,"column":29}},"155":{"start":{"line":156,"column":0},"end":{"line":156,"column":148}},"156":{"start":{"line":157,"column":0},"end":{"line":157,"column":148}},"157":{"start":{"line":158,"column":0},"end":{"line":158,"column":14}},"158":{"start":{"line":159,"column":0},"end":{"line":159,"column":148}},"159":{"start":{"line":160,"column":0},"end":{"line":160,"column":148}},"160":{"start":{"line":161,"column":0},"end":{"line":161,"column":7}},"161":{"start":{"line":162,"column":0},"end":{"line":162,"column":57}},"164":{"start":{"line":165,"column":0},"end":{"line":165,"column":51}},"165":{"start":{"line":166,"column":0},"end":{"line":166,"column":31}},"166":{"start":{"line":167,"column":0},"end":{"line":167,"column":37}},"167":{"start":{"line":168,"column":0},"end":{"line":168,"column":41}},"168":{"start":{"line":169,"column":0},"end":{"line":169,"column":9}},"171":{"start":{"line":172,"column":0},"end":{"line":172,"column":40}},"172":{"start":{"line":173,"column":0},"end":{"line":173,"column":31}},"173":{"start":{"line":174,"column":0},"end":{"line":174,"column":42}},"174":{"start":{"line":175,"column":0},"end":{"line":175,"column":46}},"175":{"start":{"line":176,"column":0},"end":{"line":176,"column":32}},"176":{"start":{"line":177,"column":0},"end":{"line":177,"column":8}},"177":{"start":{"line":178,"column":0},"end":{"line":178,"column":53}},"178":{"start":{"line":179,"column":0},"end":{"line":179,"column":64}},"179":{"start":{"line":180,"column":0},"end":{"line":180,"column":5}},"181":{"start":{"line":182,"column":0},"end":{"line":182,"column":75}},"182":{"start":{"line":183,"column":0},"end":{"line":183,"column":58}},"183":{"start":{"line":184,"column":0},"end":{"line":184,"column":54}},"184":{"start":{"line":185,"column":0},"end":{"line":185,"column":3}},"190":{"start":{"line":191,"column":0},"end":{"line":191,"column":37}},"191":{"start":{"line":192,"column":0},"end":{"line":192,"column":17}},"192":{"start":{"line":193,"column":0},"end":{"line":193,"column":3}},"194":{"start":{"line":195,"column":0},"end":{"line":195,"column":60}},"195":{"start":{"line":196,"column":0},"end":{"line":196,"column":44}},"196":{"start":{"line":197,"column":0},"end":{"line":197,"column":3}},"202":{"start":{"line":203,"column":0},"end":{"line":203,"column":76}},"203":{"start":{"line":204,"column":0},"end":{"line":204,"column":56}},"204":{"start":{"line":205,"column":0},"end":{"line":205,"column":36}},"205":{"start":{"line":206,"column":0},"end":{"line":206,"column":40}},"206":{"start":{"line":207,"column":0},"end":{"line":207,"column":3}},"208":{"start":{"line":209,"column":0},"end":{"line":209,"column":72}},"209":{"start":{"line":210,"column":0},"end":{"line":210,"column":40}},"210":{"start":{"line":211,"column":0},"end":{"line":211,"column":3}},"212":{"start":{"line":213,"column":0},"end":{"line":213,"column":65}},"213":{"start":{"line":214,"column":0},"end":{"line":214,"column":61}},"214":{"start":{"line":215,"column":0},"end":{"line":215,"column":85}},"215":{"start":{"line":216,"column":0},"end":{"line":216,"column":3}},"217":{"start":{"line":218,"column":0},"end":{"line":218,"column":92}},"218":{"start":{"line":219,"column":0},"end":{"line":219,"column":40}},"219":{"start":{"line":220,"column":0},"end":{"line":220,"column":82}},"221":{"start":{"line":222,"column":0},"end":{"line":222,"column":30}},"222":{"start":{"line":223,"column":0},"end":{"line":223,"column":15}},"223":{"start":{"line":224,"column":0},"end":{"line":224,"column":14}},"224":{"start":{"line":225,"column":0},"end":{"line":225,"column":14}},"225":{"start":{"line":226,"column":0},"end":{"line":226,"column":12}},"226":{"start":{"line":227,"column":0},"end":{"line":227,"column":24}},"227":{"start":{"line":228,"column":0},"end":{"line":228,"column":28}},"228":{"start":{"line":229,"column":0},"end":{"line":229,"column":6}},"230":{"start":{"line":231,"column":0},"end":{"line":231,"column":41}},"231":{"start":{"line":232,"column":0},"end":{"line":232,"column":49}},"233":{"start":{"line":234,"column":0},"end":{"line":234,"column":64}},"234":{"start":{"line":235,"column":0},"end":{"line":235,"column":32}},"235":{"start":{"line":236,"column":0},"end":{"line":236,"column":51}},"238":{"start":{"line":239,"column":0},"end":{"line":239,"column":43}},"241":{"start":{"line":242,"column":0},"end":{"line":242,"column":55}},"242":{"start":{"line":243,"column":0},"end":{"line":243,"column":18}},"243":{"start":{"line":244,"column":0},"end":{"line":244,"column":39}},"244":{"start":{"line":245,"column":0},"end":{"line":245,"column":12}},"245":{"start":{"line":246,"column":0},"end":{"line":246,"column":86}},"246":{"start":{"line":247,"column":0},"end":{"line":247,"column":52}},"247":{"start":{"line":248,"column":0},"end":{"line":248,"column":5}},"249":{"start":{"line":250,"column":0},"end":{"line":250,"column":70}},"250":{"start":{"line":251,"column":0},"end":{"line":251,"column":18}},"251":{"start":{"line":252,"column":0},"end":{"line":252,"column":3}},"257":{"start":{"line":258,"column":0},"end":{"line":258,"column":89}},"258":{"start":{"line":259,"column":0},"end":{"line":259,"column":51}},"259":{"start":{"line":260,"column":0},"end":{"line":260,"column":3}},"261":{"start":{"line":262,"column":0},"end":{"line":262,"column":68}},"262":{"start":{"line":263,"column":0},"end":{"line":263,"column":51}},"263":{"start":{"line":264,"column":0},"end":{"line":264,"column":31}},"264":{"start":{"line":265,"column":0},"end":{"line":265,"column":43}},"265":{"start":{"line":266,"column":0},"end":{"line":266,"column":3}},"267":{"start":{"line":268,"column":0},"end":{"line":268,"column":108}},"268":{"start":{"line":269,"column":0},"end":{"line":269,"column":49}},"269":{"start":{"line":270,"column":0},"end":{"line":270,"column":22}},"270":{"start":{"line":271,"column":0},"end":{"line":271,"column":29}},"271":{"start":{"line":272,"column":0},"end":{"line":272,"column":46}},"272":{"start":{"line":273,"column":0},"end":{"line":273,"column":5}},"274":{"start":{"line":275,"column":0},"end":{"line":275,"column":68}},"275":{"start":{"line":276,"column":0},"end":{"line":276,"column":36}},"276":{"start":{"line":277,"column":0},"end":{"line":277,"column":15}},"277":{"start":{"line":278,"column":0},"end":{"line":278,"column":44}},"278":{"start":{"line":279,"column":0},"end":{"line":279,"column":53}},"279":{"start":{"line":280,"column":0},"end":{"line":280,"column":15}},"280":{"start":{"line":281,"column":0},"end":{"line":281,"column":30}},"281":{"start":{"line":282,"column":0},"end":{"line":282,"column":6}},"282":{"start":{"line":283,"column":0},"end":{"line":283,"column":35}},"283":{"start":{"line":284,"column":0},"end":{"line":284,"column":19}},"284":{"start":{"line":285,"column":0},"end":{"line":285,"column":3}},"290":{"start":{"line":291,"column":0},"end":{"line":291,"column":86}},"291":{"start":{"line":292,"column":0},"end":{"line":292,"column":47}},"292":{"start":{"line":293,"column":0},"end":{"line":293,"column":3}},"294":{"start":{"line":295,"column":0},"end":{"line":295,"column":73}},"295":{"start":{"line":296,"column":0},"end":{"line":296,"column":60}},"296":{"start":{"line":297,"column":0},"end":{"line":297,"column":35}},"297":{"start":{"line":298,"column":0},"end":{"line":298,"column":55}},"298":{"start":{"line":299,"column":0},"end":{"line":299,"column":3}},"304":{"start":{"line":305,"column":0},"end":{"line":305,"column":73}},"306":{"start":{"line":307,"column":0},"end":{"line":307,"column":39}},"307":{"start":{"line":308,"column":0},"end":{"line":308,"column":24}},"308":{"start":{"line":309,"column":0},"end":{"line":309,"column":5}},"311":{"start":{"line":312,"column":0},"end":{"line":312,"column":59}},"312":{"start":{"line":313,"column":0},"end":{"line":313,"column":27}},"313":{"start":{"line":314,"column":0},"end":{"line":314,"column":3}},"319":{"start":{"line":320,"column":0},"end":{"line":320,"column":68}},"320":{"start":{"line":321,"column":0},"end":{"line":321,"column":36}},"321":{"start":{"line":322,"column":0},"end":{"line":322,"column":3}},"323":{"start":{"line":324,"column":0},"end":{"line":324,"column":112}},"324":{"start":{"line":325,"column":0},"end":{"line":325,"column":44}},"325":{"start":{"line":326,"column":0},"end":{"line":326,"column":17}},"326":{"start":{"line":327,"column":0},"end":{"line":327,"column":62}},"327":{"start":{"line":328,"column":0},"end":{"line":328,"column":62}},"328":{"start":{"line":329,"column":0},"end":{"line":329,"column":38}},"329":{"start":{"line":330,"column":0},"end":{"line":330,"column":20}},"330":{"start":{"line":331,"column":0},"end":{"line":331,"column":5}},"331":{"start":{"line":332,"column":0},"end":{"line":332,"column":21}},"332":{"start":{"line":333,"column":0},"end":{"line":333,"column":3}},"338":{"start":{"line":339,"column":0},"end":{"line":339,"column":162}},"340":{"start":{"line":341,"column":0},"end":{"line":341,"column":71}},"341":{"start":{"line":342,"column":0},"end":{"line":342,"column":67}},"343":{"start":{"line":344,"column":0},"end":{"line":344,"column":32}},"344":{"start":{"line":345,"column":0},"end":{"line":345,"column":34}},"345":{"start":{"line":346,"column":0},"end":{"line":346,"column":36}},"346":{"start":{"line":347,"column":0},"end":{"line":347,"column":32}},"347":{"start":{"line":348,"column":0},"end":{"line":348,"column":38}},"348":{"start":{"line":349,"column":0},"end":{"line":349,"column":34}},"349":{"start":{"line":350,"column":0},"end":{"line":350,"column":26}},"350":{"start":{"line":351,"column":0},"end":{"line":351,"column":24}},"351":{"start":{"line":352,"column":0},"end":{"line":352,"column":28}},"352":{"start":{"line":353,"column":0},"end":{"line":353,"column":26}},"353":{"start":{"line":354,"column":0},"end":{"line":354,"column":28}},"354":{"start":{"line":355,"column":0},"end":{"line":355,"column":6}},"355":{"start":{"line":356,"column":0},"end":{"line":356,"column":54}},"356":{"start":{"line":357,"column":0},"end":{"line":357,"column":20}},"357":{"start":{"line":358,"column":0},"end":{"line":358,"column":3}},"359":{"start":{"line":360,"column":0},"end":{"line":360,"column":63}},"360":{"start":{"line":361,"column":0},"end":{"line":361,"column":61}},"361":{"start":{"line":362,"column":0},"end":{"line":362,"column":23}},"362":{"start":{"line":363,"column":0},"end":{"line":363,"column":68}},"363":{"start":{"line":364,"column":0},"end":{"line":364,"column":23}},"364":{"start":{"line":365,"column":0},"end":{"line":365,"column":3}},"366":{"start":{"line":367,"column":0},"end":{"line":367,"column":119}},"367":{"start":{"line":368,"column":0},"end":{"line":368,"column":52}},"368":{"start":{"line":369,"column":0},"end":{"line":369,"column":19}},"369":{"start":{"line":370,"column":0},"end":{"line":370,"column":31}},"370":{"start":{"line":371,"column":0},"end":{"line":371,"column":22}},"371":{"start":{"line":372,"column":0},"end":{"line":372,"column":5}},"372":{"start":{"line":373,"column":0},"end":{"line":373,"column":21}},"373":{"start":{"line":374,"column":0},"end":{"line":374,"column":3}},"379":{"start":{"line":380,"column":0},"end":{"line":380,"column":184}},"380":{"start":{"line":381,"column":0},"end":{"line":381,"column":26}},"381":{"start":{"line":382,"column":0},"end":{"line":382,"column":33}},"382":{"start":{"line":383,"column":0},"end":{"line":383,"column":22}},"383":{"start":{"line":384,"column":0},"end":{"line":384,"column":45}},"384":{"start":{"line":385,"column":0},"end":{"line":385,"column":35}},"385":{"start":{"line":386,"column":0},"end":{"line":386,"column":26}},"386":{"start":{"line":387,"column":0},"end":{"line":387,"column":24}},"387":{"start":{"line":388,"column":0},"end":{"line":388,"column":33}},"388":{"start":{"line":389,"column":0},"end":{"line":389,"column":31}},"389":{"start":{"line":390,"column":0},"end":{"line":390,"column":28}},"390":{"start":{"line":391,"column":0},"end":{"line":391,"column":6}},"391":{"start":{"line":392,"column":0},"end":{"line":392,"column":42}},"392":{"start":{"line":393,"column":0},"end":{"line":393,"column":17}},"393":{"start":{"line":394,"column":0},"end":{"line":394,"column":3}},"395":{"start":{"line":396,"column":0},"end":{"line":396,"column":57}},"396":{"start":{"line":397,"column":0},"end":{"line":397,"column":55}},"397":{"start":{"line":398,"column":0},"end":{"line":398,"column":20}},"398":{"start":{"line":399,"column":0},"end":{"line":399,"column":68}},"399":{"start":{"line":400,"column":0},"end":{"line":400,"column":23}},"400":{"start":{"line":401,"column":0},"end":{"line":401,"column":3}},"402":{"start":{"line":403,"column":0},"end":{"line":403,"column":164}},"403":{"start":{"line":404,"column":0},"end":{"line":404,"column":43}},"404":{"start":{"line":405,"column":0},"end":{"line":405,"column":16}},"405":{"start":{"line":406,"column":0},"end":{"line":406,"column":56}},"406":{"start":{"line":407,"column":0},"end":{"line":407,"column":65}},"407":{"start":{"line":408,"column":0},"end":{"line":408,"column":68}},"408":{"start":{"line":409,"column":0},"end":{"line":409,"column":19}},"409":{"start":{"line":410,"column":0},"end":{"line":410,"column":5}},"410":{"start":{"line":411,"column":0},"end":{"line":411,"column":21}},"411":{"start":{"line":412,"column":0},"end":{"line":412,"column":3}},"417":{"start":{"line":418,"column":0},"end":{"line":418,"column":61}},"418":{"start":{"line":419,"column":0},"end":{"line":419,"column":26}},"419":{"start":{"line":420,"column":0},"end":{"line":420,"column":24}},"420":{"start":{"line":421,"column":0},"end":{"line":421,"column":19}},"421":{"start":{"line":422,"column":0},"end":{"line":422,"column":23}},"422":{"start":{"line":423,"column":0},"end":{"line":423,"column":21}},"423":{"start":{"line":424,"column":0},"end":{"line":424,"column":28}},"424":{"start":{"line":425,"column":0},"end":{"line":425,"column":20}},"425":{"start":{"line":426,"column":0},"end":{"line":426,"column":6}},"426":{"start":{"line":427,"column":0},"end":{"line":427,"column":42}},"427":{"start":{"line":428,"column":0},"end":{"line":428,"column":17}},"428":{"start":{"line":429,"column":0},"end":{"line":429,"column":3}},"430":{"start":{"line":431,"column":0},"end":{"line":431,"column":63}},"431":{"start":{"line":432,"column":0},"end":{"line":432,"column":36}},"432":{"start":{"line":433,"column":0},"end":{"line":433,"column":3}},"434":{"start":{"line":435,"column":0},"end":{"line":435,"column":57}},"435":{"start":{"line":436,"column":0},"end":{"line":436,"column":55}},"436":{"start":{"line":437,"column":0},"end":{"line":437,"column":20}},"437":{"start":{"line":438,"column":0},"end":{"line":438,"column":68}},"438":{"start":{"line":439,"column":0},"end":{"line":439,"column":23}},"439":{"start":{"line":440,"column":0},"end":{"line":440,"column":3}},"441":{"start":{"line":442,"column":0},"end":{"line":442,"column":107}},"442":{"start":{"line":443,"column":0},"end":{"line":443,"column":43}},"443":{"start":{"line":444,"column":0},"end":{"line":444,"column":16}},"444":{"start":{"line":445,"column":0},"end":{"line":445,"column":28}},"445":{"start":{"line":446,"column":0},"end":{"line":446,"column":40}},"446":{"start":{"line":447,"column":0},"end":{"line":447,"column":33}},"447":{"start":{"line":448,"column":0},"end":{"line":448,"column":19}},"448":{"start":{"line":449,"column":0},"end":{"line":449,"column":5}},"449":{"start":{"line":450,"column":0},"end":{"line":450,"column":21}},"450":{"start":{"line":451,"column":0},"end":{"line":451,"column":3}},"456":{"start":{"line":457,"column":0},"end":{"line":457,"column":57}},"457":{"start":{"line":458,"column":0},"end":{"line":458,"column":24}},"458":{"start":{"line":459,"column":0},"end":{"line":459,"column":24}},"459":{"start":{"line":460,"column":0},"end":{"line":460,"column":18}},"460":{"start":{"line":461,"column":0},"end":{"line":461,"column":38}},"461":{"start":{"line":462,"column":0},"end":{"line":462,"column":42}},"462":{"start":{"line":463,"column":0},"end":{"line":463,"column":34}},"463":{"start":{"line":464,"column":0},"end":{"line":464,"column":28}},"464":{"start":{"line":465,"column":0},"end":{"line":465,"column":68}},"465":{"start":{"line":466,"column":0},"end":{"line":466,"column":6}},"466":{"start":{"line":467,"column":0},"end":{"line":467,"column":38}},"467":{"start":{"line":468,"column":0},"end":{"line":468,"column":16}},"468":{"start":{"line":469,"column":0},"end":{"line":469,"column":3}},"470":{"start":{"line":471,"column":0},"end":{"line":471,"column":60}},"471":{"start":{"line":472,"column":0},"end":{"line":472,"column":34}},"472":{"start":{"line":473,"column":0},"end":{"line":473,"column":3}},"474":{"start":{"line":475,"column":0},"end":{"line":475,"column":59}},"475":{"start":{"line":476,"column":0},"end":{"line":476,"column":53}},"476":{"start":{"line":477,"column":0},"end":{"line":477,"column":19}},"477":{"start":{"line":478,"column":0},"end":{"line":478,"column":47}},"478":{"start":{"line":479,"column":0},"end":{"line":479,"column":69}},"479":{"start":{"line":480,"column":0},"end":{"line":480,"column":3}},"481":{"start":{"line":482,"column":0},"end":{"line":482,"column":87}},"482":{"start":{"line":483,"column":0},"end":{"line":483,"column":40}},"483":{"start":{"line":484,"column":0},"end":{"line":484,"column":15}},"484":{"start":{"line":485,"column":0},"end":{"line":485,"column":35}},"485":{"start":{"line":486,"column":0},"end":{"line":486,"column":18}},"486":{"start":{"line":487,"column":0},"end":{"line":487,"column":5}},"487":{"start":{"line":488,"column":0},"end":{"line":488,"column":21}},"488":{"start":{"line":489,"column":0},"end":{"line":489,"column":3}},"494":{"start":{"line":495,"column":0},"end":{"line":495,"column":39}},"495":{"start":{"line":496,"column":0},"end":{"line":496,"column":24}},"496":{"start":{"line":497,"column":0},"end":{"line":497,"column":27}},"497":{"start":{"line":498,"column":0},"end":{"line":498,"column":24}},"498":{"start":{"line":499,"column":0},"end":{"line":499,"column":23}},"499":{"start":{"line":500,"column":0},"end":{"line":500,"column":20}},"502":{"start":{"line":503,"column":0},"end":{"line":503,"column":27}},"503":{"start":{"line":504,"column":0},"end":{"line":504,"column":34}},"504":{"start":{"line":505,"column":0},"end":{"line":505,"column":32}},"505":{"start":{"line":506,"column":0},"end":{"line":506,"column":26}},"506":{"start":{"line":507,"column":0},"end":{"line":507,"column":36}},"507":{"start":{"line":508,"column":0},"end":{"line":508,"column":25}},"510":{"start":{"line":511,"column":0},"end":{"line":511,"column":30}},"511":{"start":{"line":512,"column":0},"end":{"line":512,"column":3}},"512":{"start":{"line":513,"column":0},"end":{"line":513,"column":1}},"514":{"start":{"line":515,"column":0},"end":{"line":515,"column":43}}},"s":{"0":1,"12":1,"13":1044,"14":1044,"16":1044,"17":1044,"18":1044,"19":33408,"20":33408,"21":1044,"22":1044,"27":1,"28":1109,"29":1109,"35":1,"36":1,"37":1,"38":1,"41":1,"42":1,"43":1,"44":1,"45":1,"46":1,"47":1,"48":1,"49":1,"50":1,"51":1,"52":1,"115":1,"117":1,"118":1,"119":1,"120":1,"121":1,"124":1,"125":1,"126":1,"127":1,"128":1,"129":1,"131":1,"132":58,"133":58,"135":1,"137":60,"138":120,"139":120,"140":120,"141":120,"142":120,"143":120,"144":120,"145":120,"147":120,"148":120,"149":120,"152":120,"154":120,"155":60,"156":60,"157":60,"158":60,"159":60,"160":60,"161":120,"164":120,"165":120,"166":120,"167":120,"168":120,"171":120,"172":120,"173":120,"174":120,"175":120,"176":120,"177":120,"178":120,"179":120,"181":60,"182":60,"183":60,"184":60,"190":1,"191":1,"192":1,"194":1,"195":2,"196":2,"202":1,"203":19,"204":19,"205":18,"206":19,"208":1,"209":1,"210":1,"212":1,"213":3,"214":3,"215":3,"217":1,"218":5,"219":5,"221":5,"222":5,"223":5,"224":5,"225":5,"226":5,"227":5,"228":5,"230":5,"231":5,"233":5,"234":5,"235":5,"238":5,"241":5,"242":5,"243":0,"244":5,"245":5,"246":5,"247":5,"249":5,"250":5,"251":5,"257":1,"258":6,"259":6,"261":1,"262":2,"263":2,"264":2,"265":2,"267":1,"268":4,"269":4,"270":0,"271":0,"272":0,"274":4,"275":4,"276":4,"277":4,"278":4,"279":4,"280":4,"281":4,"282":4,"283":4,"284":4,"290":1,"291":5,"292":5,"294":1,"295":4,"296":4,"297":2,"298":4,"304":1,"306":3,"307":1,"308":1,"311":2,"312":3,"313":3,"319":1,"320":6,"321":6,"323":1,"324":3,"325":3,"326":3,"327":3,"328":3,"329":3,"330":3,"331":0,"332":3,"338":1,"340":8,"341":8,"343":8,"344":8,"345":8,"346":8,"347":8,"348":8,"349":8,"350":8,"351":8,"352":8,"353":8,"354":8,"355":8,"356":8,"357":8,"359":1,"360":2,"361":2,"362":2,"363":2,"364":2,"366":1,"367":2,"368":2,"369":1,"370":1,"371":1,"372":1,"373":2,"379":1,"380":8,"381":8,"382":8,"383":8,"384":8,"385":8,"386":8,"387":8,"388":8,"389":8,"390":8,"391":8,"392":8,"393":8,"395":1,"396":2,"397":2,"398":2,"399":2,"400":2,"402":1,"403":2,"404":2,"405":1,"406":1,"407":1,"408":1,"409":1,"410":1,"411":2,"417":1,"418":8,"419":8,"420":8,"421":8,"422":8,"423":8,"424":8,"425":8,"426":8,"427":8,"428":8,"430":1,"431":1,"432":1,"434":1,"435":1,"436":1,"437":1,"438":1,"439":1,"441":1,"442":2,"443":2,"444":1,"445":1,"446":1,"447":1,"448":1,"449":1,"450":2,"456":1,"457":6,"458":6,"459":6,"460":6,"461":6,"462":6,"463":6,"464":6,"465":6,"466":6,"467":6,"468":6,"470":1,"471":1,"472":1,"474":1,"475":1,"476":1,"477":1,"478":1,"479":1,"481":1,"482":2,"483":2,"484":1,"485":1,"486":1,"487":1,"488":2,"494":1,"495":2,"496":2,"497":2,"498":2,"499":2,"502":2,"503":2,"504":2,"505":2,"506":2,"507":2,"510":2,"511":2,"512":1,"514":1},"branchMap":{"0":{"type":"branch","line":13,"loc":{"start":{"line":13,"column":7},"end":{"line":23,"column":1}},"locations":[{"start":{"line":13,"column":7},"end":{"line":23,"column":1}}]},"1":{"type":"branch","line":14,"loc":{"start":{"line":14,"column":16},"end":{"line":14,"column":35}},"locations":[{"start":{"line":14,"column":16},"end":{"line":14,"column":35}}]},"2":{"type":"branch","line":19,"loc":{"start":{"line":19,"column":31},"end":{"line":21,"column":3}},"locations":[{"start":{"line":19,"column":31},"end":{"line":21,"column":3}}]},"3":{"type":"branch","line":28,"loc":{"start":{"line":28,"column":7},"end":{"line":30,"column":1}},"locations":[{"start":{"line":28,"column":7},"end":{"line":30,"column":1}}]},"4":{"type":"branch","line":132,"loc":{"start":{"line":132,"column":2},"end":{"line":134,"column":3}},"locations":[{"start":{"line":132,"column":2},"end":{"line":134,"column":3}}]},"5":{"type":"branch","line":136,"loc":{"start":{"line":136,"column":10},"end":{"line":185,"column":3}},"locations":[{"start":{"line":136,"column":10},"end":{"line":185,"column":3}}]},"6":{"type":"branch","line":138,"loc":{"start":{"line":138,"column":61},"end":{"line":180,"column":5}},"locations":[{"start":{"line":138,"column":61},"end":{"line":180,"column":5}}]},"7":{"type":"branch","line":155,"loc":{"start":{"line":155,"column":28},"end":{"line":161,"column":7}},"locations":[{"start":{"line":155,"column":28},"end":{"line":161,"column":7}}]},"8":{"type":"branch","line":174,"loc":{"start":{"line":174,"column":22},"end":{"line":174,"column":38}},"locations":[{"start":{"line":174,"column":22},"end":{"line":174,"column":38}}]},"9":{"type":"branch","line":174,"loc":{"start":{"line":174,"column":32},"end":{"line":174,"column":42}},"locations":[{"start":{"line":174,"column":32},"end":{"line":174,"column":42}}]},"10":{"type":"branch","line":175,"loc":{"start":{"line":175,"column":22},"end":{"line":175,"column":40}},"locations":[{"start":{"line":175,"column":22},"end":{"line":175,"column":40}}]},"11":{"type":"branch","line":175,"loc":{"start":{"line":175,"column":32},"end":{"line":175,"column":46}},"locations":[{"start":{"line":175,"column":32},"end":{"line":175,"column":46}}]},"12":{"type":"branch","line":191,"loc":{"start":{"line":191,"column":2},"end":{"line":193,"column":3}},"locations":[{"start":{"line":191,"column":2},"end":{"line":193,"column":3}}]},"13":{"type":"branch","line":195,"loc":{"start":{"line":195,"column":2},"end":{"line":197,"column":3}},"locations":[{"start":{"line":195,"column":2},"end":{"line":197,"column":3}}]},"14":{"type":"branch","line":196,"loc":{"start":{"line":196,"column":22},"end":{"line":196,"column":42}},"locations":[{"start":{"line":196,"column":22},"end":{"line":196,"column":42}}]},"15":{"type":"branch","line":203,"loc":{"start":{"line":203,"column":2},"end":{"line":207,"column":3}},"locations":[{"start":{"line":203,"column":2},"end":{"line":207,"column":3}}]},"16":{"type":"branch","line":205,"loc":{"start":{"line":205,"column":19},"end":{"line":205,"column":36}},"locations":[{"start":{"line":205,"column":19},"end":{"line":205,"column":36}}]},"17":{"type":"branch","line":205,"loc":{"start":{"line":205,"column":26},"end":{"line":206,"column":40}},"locations":[{"start":{"line":205,"column":26},"end":{"line":206,"column":40}}]},"18":{"type":"branch","line":209,"loc":{"start":{"line":209,"column":2},"end":{"line":211,"column":3}},"locations":[{"start":{"line":209,"column":2},"end":{"line":211,"column":3}}]},"19":{"type":"branch","line":213,"loc":{"start":{"line":213,"column":2},"end":{"line":216,"column":3}},"locations":[{"start":{"line":213,"column":2},"end":{"line":216,"column":3}}]},"20":{"type":"branch","line":214,"loc":{"start":{"line":214,"column":53},"end":{"line":214,"column":61}},"locations":[{"start":{"line":214,"column":53},"end":{"line":214,"column":61}}]},"21":{"type":"branch","line":215,"loc":{"start":{"line":215,"column":25},"end":{"line":215,"column":53}},"locations":[{"start":{"line":215,"column":25},"end":{"line":215,"column":53}}]},"22":{"type":"branch","line":218,"loc":{"start":{"line":218,"column":2},"end":{"line":252,"column":3}},"locations":[{"start":{"line":218,"column":2},"end":{"line":252,"column":3}}]},"23":{"type":"branch","line":243,"loc":{"start":{"line":243,"column":17},"end":{"line":245,"column":11}},"locations":[{"start":{"line":243,"column":17},"end":{"line":245,"column":11}}]},"24":{"type":"branch","line":258,"loc":{"start":{"line":258,"column":2},"end":{"line":260,"column":3}},"locations":[{"start":{"line":258,"column":2},"end":{"line":260,"column":3}}]},"25":{"type":"branch","line":262,"loc":{"start":{"line":262,"column":2},"end":{"line":266,"column":3}},"locations":[{"start":{"line":262,"column":2},"end":{"line":266,"column":3}}]},"26":{"type":"branch","line":264,"loc":{"start":{"line":264,"column":21},"end":{"line":264,"column":31}},"locations":[{"start":{"line":264,"column":21},"end":{"line":264,"column":31}}]},"27":{"type":"branch","line":268,"loc":{"start":{"line":268,"column":2},"end":{"line":285,"column":3}},"locations":[{"start":{"line":268,"column":2},"end":{"line":285,"column":3}}]},"28":{"type":"branch","line":270,"loc":{"start":{"line":270,"column":21},"end":{"line":273,"column":5}},"locations":[{"start":{"line":270,"column":21},"end":{"line":273,"column":5}}]},"29":{"type":"branch","line":275,"loc":{"start":{"line":275,"column":31},"end":{"line":275,"column":43}},"locations":[{"start":{"line":275,"column":31},"end":{"line":275,"column":43}}]},"30":{"type":"branch","line":275,"loc":{"start":{"line":275,"column":39},"end":{"line":275,"column":68}},"locations":[{"start":{"line":275,"column":39},"end":{"line":275,"column":68}}]},"31":{"type":"branch","line":275,"loc":{"start":{"line":275,"column":53},"end":{"line":275,"column":66}},"locations":[{"start":{"line":275,"column":53},"end":{"line":275,"column":66}}]},"32":{"type":"branch","line":275,"loc":{"start":{"line":275,"column":61},"end":{"line":275,"column":68}},"locations":[{"start":{"line":275,"column":61},"end":{"line":275,"column":68}}]},"33":{"type":"branch","line":291,"loc":{"start":{"line":291,"column":2},"end":{"line":293,"column":3}},"locations":[{"start":{"line":291,"column":2},"end":{"line":293,"column":3}}]},"34":{"type":"branch","line":295,"loc":{"start":{"line":295,"column":2},"end":{"line":299,"column":3}},"locations":[{"start":{"line":295,"column":2},"end":{"line":299,"column":3}}]},"35":{"type":"branch","line":297,"loc":{"start":{"line":297,"column":18},"end":{"line":298,"column":55}},"locations":[{"start":{"line":297,"column":18},"end":{"line":298,"column":55}}]},"36":{"type":"branch","line":305,"loc":{"start":{"line":305,"column":2},"end":{"line":314,"column":3}},"locations":[{"start":{"line":305,"column":2},"end":{"line":314,"column":3}}]},"37":{"type":"branch","line":307,"loc":{"start":{"line":307,"column":38},"end":{"line":309,"column":5}},"locations":[{"start":{"line":307,"column":38},"end":{"line":309,"column":5}}]},"38":{"type":"branch","line":309,"loc":{"start":{"line":309,"column":4},"end":{"line":313,"column":19}},"locations":[{"start":{"line":309,"column":4},"end":{"line":313,"column":19}}]},"39":{"type":"branch","line":313,"loc":{"start":{"line":313,"column":11},"end":{"line":313,"column":27}},"locations":[{"start":{"line":313,"column":11},"end":{"line":313,"column":27}}]},"40":{"type":"branch","line":320,"loc":{"start":{"line":320,"column":2},"end":{"line":322,"column":3}},"locations":[{"start":{"line":320,"column":2},"end":{"line":322,"column":3}}]},"41":{"type":"branch","line":324,"loc":{"start":{"line":324,"column":2},"end":{"line":333,"column":3}},"locations":[{"start":{"line":324,"column":2},"end":{"line":333,"column":3}}]},"42":{"type":"branch","line":327,"loc":{"start":{"line":327,"column":37},"end":{"line":327,"column":62}},"locations":[{"start":{"line":327,"column":37},"end":{"line":327,"column":62}}]},"43":{"type":"branch","line":328,"loc":{"start":{"line":328,"column":37},"end":{"line":328,"column":62}},"locations":[{"start":{"line":328,"column":37},"end":{"line":328,"column":62}}]},"44":{"type":"branch","line":331,"loc":{"start":{"line":331,"column":4},"end":{"line":332,"column":21}},"locations":[{"start":{"line":331,"column":4},"end":{"line":332,"column":21}}]},"45":{"type":"branch","line":339,"loc":{"start":{"line":339,"column":2},"end":{"line":358,"column":3}},"locations":[{"start":{"line":339,"column":2},"end":{"line":358,"column":3}}]},"46":{"type":"branch","line":360,"loc":{"start":{"line":360,"column":2},"end":{"line":365,"column":3}},"locations":[{"start":{"line":360,"column":2},"end":{"line":365,"column":3}}]},"47":{"type":"branch","line":363,"loc":{"start":{"line":363,"column":12},"end":{"line":363,"column":67}},"locations":[{"start":{"line":363,"column":12},"end":{"line":363,"column":67}}]},"48":{"type":"branch","line":367,"loc":{"start":{"line":367,"column":2},"end":{"line":374,"column":3}},"locations":[{"start":{"line":367,"column":2},"end":{"line":374,"column":3}}]},"49":{"type":"branch","line":369,"loc":{"start":{"line":369,"column":18},"end":{"line":373,"column":21}},"locations":[{"start":{"line":369,"column":18},"end":{"line":373,"column":21}}]},"50":{"type":"branch","line":380,"loc":{"start":{"line":380,"column":2},"end":{"line":394,"column":3}},"locations":[{"start":{"line":380,"column":2},"end":{"line":394,"column":3}}]},"51":{"type":"branch","line":396,"loc":{"start":{"line":396,"column":2},"end":{"line":401,"column":3}},"locations":[{"start":{"line":396,"column":2},"end":{"line":401,"column":3}}]},"52":{"type":"branch","line":399,"loc":{"start":{"line":399,"column":12},"end":{"line":399,"column":67}},"locations":[{"start":{"line":399,"column":12},"end":{"line":399,"column":67}}]},"53":{"type":"branch","line":403,"loc":{"start":{"line":403,"column":2},"end":{"line":412,"column":3}},"locations":[{"start":{"line":403,"column":2},"end":{"line":412,"column":3}}]},"54":{"type":"branch","line":405,"loc":{"start":{"line":405,"column":15},"end":{"line":411,"column":21}},"locations":[{"start":{"line":405,"column":15},"end":{"line":411,"column":21}}]},"55":{"type":"branch","line":418,"loc":{"start":{"line":418,"column":2},"end":{"line":429,"column":3}},"locations":[{"start":{"line":418,"column":2},"end":{"line":429,"column":3}}]},"56":{"type":"branch","line":431,"loc":{"start":{"line":431,"column":2},"end":{"line":433,"column":3}},"locations":[{"start":{"line":431,"column":2},"end":{"line":433,"column":3}}]},"57":{"type":"branch","line":435,"loc":{"start":{"line":435,"column":2},"end":{"line":440,"column":3}},"locations":[{"start":{"line":435,"column":2},"end":{"line":440,"column":3}}]},"58":{"type":"branch","line":438,"loc":{"start":{"line":438,"column":12},"end":{"line":438,"column":67}},"locations":[{"start":{"line":438,"column":12},"end":{"line":438,"column":67}}]},"59":{"type":"branch","line":442,"loc":{"start":{"line":442,"column":2},"end":{"line":451,"column":3}},"locations":[{"start":{"line":442,"column":2},"end":{"line":451,"column":3}}]},"60":{"type":"branch","line":444,"loc":{"start":{"line":444,"column":15},"end":{"line":450,"column":21}},"locations":[{"start":{"line":444,"column":15},"end":{"line":450,"column":21}}]},"61":{"type":"branch","line":446,"loc":{"start":{"line":446,"column":23},"end":{"line":446,"column":40}},"locations":[{"start":{"line":446,"column":23},"end":{"line":446,"column":40}}]},"62":{"type":"branch","line":457,"loc":{"start":{"line":457,"column":2},"end":{"line":469,"column":3}},"locations":[{"start":{"line":457,"column":2},"end":{"line":469,"column":3}}]},"63":{"type":"branch","line":465,"loc":{"start":{"line":465,"column":24},"end":{"line":465,"column":63}},"locations":[{"start":{"line":465,"column":24},"end":{"line":465,"column":63}}]},"64":{"type":"branch","line":471,"loc":{"start":{"line":471,"column":2},"end":{"line":473,"column":3}},"locations":[{"start":{"line":471,"column":2},"end":{"line":473,"column":3}}]},"65":{"type":"branch","line":475,"loc":{"start":{"line":475,"column":2},"end":{"line":480,"column":3}},"locations":[{"start":{"line":475,"column":2},"end":{"line":480,"column":3}}]},"66":{"type":"branch","line":478,"loc":{"start":{"line":478,"column":14},"end":{"line":478,"column":46}},"locations":[{"start":{"line":478,"column":14},"end":{"line":478,"column":46}}]},"67":{"type":"branch","line":479,"loc":{"start":{"line":479,"column":12},"end":{"line":479,"column":67}},"locations":[{"start":{"line":479,"column":12},"end":{"line":479,"column":67}}]},"68":{"type":"branch","line":482,"loc":{"start":{"line":482,"column":2},"end":{"line":489,"column":3}},"locations":[{"start":{"line":482,"column":2},"end":{"line":489,"column":3}}]},"69":{"type":"branch","line":484,"loc":{"start":{"line":484,"column":14},"end":{"line":488,"column":21}},"locations":[{"start":{"line":484,"column":14},"end":{"line":488,"column":21}}]},"70":{"type":"branch","line":495,"loc":{"start":{"line":495,"column":2},"end":{"line":512,"column":3}},"locations":[{"start":{"line":495,"column":2},"end":{"line":512,"column":3}}]}},"b":{"0":[1044],"1":[3],"2":[33408],"3":[1109],"4":[58],"5":[60],"6":[120],"7":[60],"8":[60],"9":[60],"10":[60],"11":[60],"12":[1],"13":[2],"14":[3],"15":[19],"16":[1],"17":[18],"18":[1],"19":[3],"20":[1],"21":[2],"22":[5],"23":[0],"24":[6],"25":[2],"26":[0],"27":[4],"28":[0],"29":[2],"30":[2],"31":[1],"32":[1],"33":[5],"34":[4],"35":[2],"36":[3],"37":[1],"38":[2],"39":[1],"40":[6],"41":[3],"42":[2],"43":[1],"44":[0],"45":[8],"46":[2],"47":[4],"48":[2],"49":[1],"50":[8],"51":[2],"52":[4],"53":[2],"54":[1],"55":[8],"56":[1],"57":[1],"58":[4],"59":[2],"60":[1],"61":[0],"62":[6],"63":[0],"64":[1],"65":[1],"66":[3],"67":[1],"68":[2],"69":[1],"70":[2]},"fnMap":{"0":{"name":"generateWalletAddress","decl":{"start":{"line":13,"column":7},"end":{"line":23,"column":1}},"loc":{"start":{"line":13,"column":7},"end":{"line":23,"column":1}},"line":13},"1":{"name":"generateWalletId","decl":{"start":{"line":28,"column":7},"end":{"line":30,"column":1}},"loc":{"start":{"line":28,"column":7},"end":{"line":30,"column":1}},"line":28},"2":{"name":"MemoryStorage","decl":{"start":{"line":132,"column":2},"end":{"line":134,"column":3}},"loc":{"start":{"line":132,"column":2},"end":{"line":134,"column":3}},"line":132},"3":{"name":"initializeDemoData","decl":{"start":{"line":136,"column":10},"end":{"line":185,"column":3}},"loc":{"start":{"line":136,"column":10},"end":{"line":185,"column":3}},"line":136},"4":{"name":"getUsers","decl":{"start":{"line":191,"column":2},"end":{"line":193,"column":3}},"loc":{"start":{"line":191,"column":2},"end":{"line":193,"column":3}},"line":191},"5":{"name":"getUser","decl":{"start":{"line":195,"column":2},"end":{"line":197,"column":3}},"loc":{"start":{"line":195,"column":2},"end":{"line":197,"column":3}},"line":195},"6":{"name":"getWalletByAddress","decl":{"start":{"line":203,"column":2},"end":{"line":207,"column":3}},"loc":{"start":{"line":203,"column":2},"end":{"line":207,"column":3}},"line":203},"7":{"name":"getWalletById","decl":{"start":{"line":209,"column":2},"end":{"line":211,"column":3}},"loc":{"start":{"line":209,"column":2},"end":{"line":211,"column":3}},"line":209},"8":{"name":"getWalletsByOwner","decl":{"start":{"line":213,"column":2},"end":{"line":216,"column":3}},"loc":{"start":{"line":213,"column":2},"end":{"line":216,"column":3}},"line":213},"9":{"name":"createWallet","decl":{"start":{"line":218,"column":2},"end":{"line":252,"column":3}},"loc":{"start":{"line":218,"column":2},"end":{"line":252,"column":3}},"line":218},"10":{"name":"getBalance","decl":{"start":{"line":258,"column":2},"end":{"line":260,"column":3}},"loc":{"start":{"line":258,"column":2},"end":{"line":260,"column":3}},"line":258},"11":{"name":"getAllBalances","decl":{"start":{"line":262,"column":2},"end":{"line":266,"column":3}},"loc":{"start":{"line":262,"column":2},"end":{"line":266,"column":3}},"line":262},"12":{"name":"updateBalance","decl":{"start":{"line":268,"column":2},"end":{"line":285,"column":3}},"loc":{"start":{"line":268,"column":2},"end":{"line":285,"column":3}},"line":268},"13":{"name":"getUserWalletMapping","decl":{"start":{"line":291,"column":2},"end":{"line":293,"column":3}},"loc":{"start":{"line":291,"column":2},"end":{"line":293,"column":3}},"line":291},"14":{"name":"getDefaultWallet","decl":{"start":{"line":295,"column":2},"end":{"line":299,"column":3}},"loc":{"start":{"line":295,"column":2},"end":{"line":299,"column":3}},"line":295},"15":{"name":"resolveAddress","decl":{"start":{"line":305,"column":2},"end":{"line":314,"column":3}},"loc":{"start":{"line":305,"column":2},"end":{"line":314,"column":3}},"line":305},"16":{"name":"getWallet","decl":{"start":{"line":320,"column":2},"end":{"line":322,"column":3}},"loc":{"start":{"line":320,"column":2},"end":{"line":322,"column":3}},"line":320},"17":{"name":"updateWallet","decl":{"start":{"line":324,"column":2},"end":{"line":333,"column":3}},"loc":{"start":{"line":324,"column":2},"end":{"line":333,"column":3}},"line":324},"18":{"name":"createTransfer","decl":{"start":{"line":339,"column":2},"end":{"line":358,"column":3}},"loc":{"start":{"line":339,"column":2},"end":{"line":358,"column":3}},"line":339},"19":{"name":"getTransfers","decl":{"start":{"line":360,"column":2},"end":{"line":365,"column":3}},"loc":{"start":{"line":360,"column":2},"end":{"line":365,"column":3}},"line":360},"20":{"name":"updateTransfer","decl":{"start":{"line":367,"column":2},"end":{"line":374,"column":3}},"loc":{"start":{"line":367,"column":2},"end":{"line":374,"column":3}},"line":367},"21":{"name":"createOrder","decl":{"start":{"line":380,"column":2},"end":{"line":394,"column":3}},"loc":{"start":{"line":380,"column":2},"end":{"line":394,"column":3}},"line":380},"22":{"name":"getOrders","decl":{"start":{"line":396,"column":2},"end":{"line":401,"column":3}},"loc":{"start":{"line":396,"column":2},"end":{"line":401,"column":3}},"line":396},"23":{"name":"updateOrder","decl":{"start":{"line":403,"column":2},"end":{"line":412,"column":3}},"loc":{"start":{"line":403,"column":2},"end":{"line":412,"column":3}},"line":403},"24":{"name":"createTrace","decl":{"start":{"line":418,"column":2},"end":{"line":429,"column":3}},"loc":{"start":{"line":418,"column":2},"end":{"line":429,"column":3}},"line":418},"25":{"name":"getTrace","decl":{"start":{"line":431,"column":2},"end":{"line":433,"column":3}},"loc":{"start":{"line":431,"column":2},"end":{"line":433,"column":3}},"line":431},"26":{"name":"getTraces","decl":{"start":{"line":435,"column":2},"end":{"line":440,"column":3}},"loc":{"start":{"line":435,"column":2},"end":{"line":440,"column":3}},"line":435},"27":{"name":"updateTraceStatus","decl":{"start":{"line":442,"column":2},"end":{"line":451,"column":3}},"loc":{"start":{"line":442,"column":2},"end":{"line":451,"column":3}},"line":442},"28":{"name":"createSpan","decl":{"start":{"line":457,"column":2},"end":{"line":469,"column":3}},"loc":{"start":{"line":457,"column":2},"end":{"line":469,"column":3}},"line":457},"29":{"name":"getSpan","decl":{"start":{"line":471,"column":2},"end":{"line":473,"column":3}},"loc":{"start":{"line":471,"column":2},"end":{"line":473,"column":3}},"line":471},"30":{"name":"getSpansByTrace","decl":{"start":{"line":475,"column":2},"end":{"line":480,"column":3}},"loc":{"start":{"line":475,"column":2},"end":{"line":480,"column":3}},"line":475},"31":{"name":"updateSpan","decl":{"start":{"line":482,"column":2},"end":{"line":489,"column":3}},"loc":{"start":{"line":482,"column":2},"end":{"line":489,"column":3}},"line":482},"32":{"name":"clearAllData","decl":{"start":{"line":495,"column":2},"end":{"line":512,"column":3}},"loc":{"start":{"line":495,"column":2},"end":{"line":512,"column":3}},"line":495}},"f":{"0":1044,"1":1109,"2":58,"3":60,"4":1,"5":2,"6":19,"7":1,"8":3,"9":5,"10":6,"11":2,"12":4,"13":5,"14":4,"15":3,"16":6,"17":3,"18":8,"19":2,"20":2,"21":8,"22":2,"23":2,"24":8,"25":1,"26":1,"27":2,"28":6,"29":1,"30":1,"31":2,"32":2}}
,"C:\\Users\\bizai\\Documents\\GitHub\\OtelE2E\\server\\vite.ts": {"path":"C:\\Users\\bizai\\Documents\\GitHub\\OtelE2E\\server\\vite.ts","all":true,"statementMap":{"0":{"start":{"line":1,"column":0},"end":{"line":1,"column":48}},"8":{"start":{"line":9,"column":0},"end":{"line":9,"column":34}},"10":{"start":{"line":11,"column":0},"end":{"line":11,"column":58}},"11":{"start":{"line":12,"column":0},"end":{"line":12,"column":64}},"12":{"start":{"line":13,"column":0},"end":{"line":13,"column":20}},"13":{"start":{"line":14,"column":0},"end":{"line":14,"column":22}},"14":{"start":{"line":15,"column":0},"end":{"line":15,"column":22}},"15":{"start":{"line":16,"column":0},"end":{"line":16,"column":17}},"16":{"start":{"line":17,"column":0},"end":{"line":17,"column":5}},"18":{"start":{"line":19,"column":0},"end":{"line":19,"column":57}},"19":{"start":{"line":20,"column":0},"end":{"line":20,"column":1}},"21":{"start":{"line":22,"column":0},"end":{"line":22,"column":63}},"22":{"start":{"line":23,"column":0},"end":{"line":23,"column":25}},"23":{"start":{"line":24,"column":0},"end":{"line":24,"column":25}},"24":{"start":{"line":25,"column":0},"end":{"line":25,"column":20}},"25":{"start":{"line":26,"column":0},"end":{"line":26,"column":32}},"26":{"start":{"line":27,"column":0},"end":{"line":27,"column":4}},"28":{"start":{"line":29,"column":0},"end":{"line":29,"column":39}},"29":{"start":{"line":30,"column":0},"end":{"line":30,"column":18}},"30":{"start":{"line":31,"column":0},"end":{"line":31,"column":22}},"31":{"start":{"line":32,"column":0},"end":{"line":32,"column":19}},"32":{"start":{"line":33,"column":0},"end":{"line":33,"column":20}},"33":{"start":{"line":34,"column":0},"end":{"line":34,"column":32}},"34":{"start":{"line":35,"column":0},"end":{"line":35,"column":39}},"35":{"start":{"line":36,"column":0},"end":{"line":36,"column":24}},"36":{"start":{"line":37,"column":0},"end":{"line":37,"column":8}},"37":{"start":{"line":38,"column":0},"end":{"line":38,"column":6}},"38":{"start":{"line":39,"column":0},"end":{"line":39,"column":26}},"39":{"start":{"line":40,"column":0},"end":{"line":40,"column":22}},"40":{"start":{"line":41,"column":0},"end":{"line":41,"column":5}},"42":{"start":{"line":43,"column":0},"end":{"line":43,"column":28}},"43":{"start":{"line":44,"column":0},"end":{"line":44,"column":42}},"44":{"start":{"line":45,"column":0},"end":{"line":45,"column":32}},"47":{"start":{"line":48,"column":0},"end":{"line":48,"column":63}},"48":{"start":{"line":49,"column":0},"end":{"line":49,"column":20}},"49":{"start":{"line":50,"column":0},"end":{"line":50,"column":5}},"51":{"start":{"line":52,"column":0},"end":{"line":52,"column":9}},"52":{"start":{"line":53,"column":0},"end":{"line":53,"column":42}},"53":{"start":{"line":54,"column":0},"end":{"line":54,"column":28}},"54":{"start":{"line":55,"column":0},"end":{"line":55,"column":13}},"55":{"start":{"line":56,"column":0},"end":{"line":56,"column":17}},"56":{"start":{"line":57,"column":0},"end":{"line":57,"column":21}},"57":{"start":{"line":58,"column":0},"end":{"line":58,"column":8}},"60":{"start":{"line":61,"column":0},"end":{"line":61,"column":73}},"61":{"start":{"line":62,"column":0},"end":{"line":62,"column":34}},"62":{"start":{"line":63,"column":0},"end":{"line":63,"column":30}},"63":{"start":{"line":64,"column":0},"end":{"line":64,"column":44}},"64":{"start":{"line":65,"column":0},"end":{"line":65,"column":8}},"65":{"start":{"line":66,"column":0},"end":{"line":66,"column":64}},"66":{"start":{"line":67,"column":0},"end":{"line":67,"column":69}},"67":{"start":{"line":68,"column":0},"end":{"line":68,"column":17}},"68":{"start":{"line":69,"column":0},"end":{"line":69,"column":40}},"69":{"start":{"line":70,"column":0},"end":{"line":70,"column":14}},"70":{"start":{"line":71,"column":0},"end":{"line":71,"column":5}},"71":{"start":{"line":72,"column":0},"end":{"line":72,"column":5}},"72":{"start":{"line":73,"column":0},"end":{"line":73,"column":1}},"74":{"start":{"line":75,"column":0},"end":{"line":75,"column":43}},"75":{"start":{"line":76,"column":0},"end":{"line":76,"column":63}},"77":{"start":{"line":78,"column":0},"end":{"line":78,"column":33}},"78":{"start":{"line":79,"column":0},"end":{"line":79,"column":20}},"79":{"start":{"line":80,"column":0},"end":{"line":80,"column":93}},"80":{"start":{"line":81,"column":0},"end":{"line":81,"column":6}},"81":{"start":{"line":82,"column":0},"end":{"line":82,"column":3}},"83":{"start":{"line":84,"column":0},"end":{"line":84,"column":36}},"86":{"start":{"line":87,"column":0},"end":{"line":87,"column":31}},"87":{"start":{"line":88,"column":0},"end":{"line":88,"column":55}},"88":{"start":{"line":89,"column":0},"end":{"line":89,"column":5}},"89":{"start":{"line":90,"column":0},"end":{"line":90,"column":1}}},"s":{"0":0,"8":0,"10":0,"11":0,"12":0,"13":0,"14":0,"15":0,"16":0,"18":0,"19":0,"21":0,"22":0,"23":0,"24":0,"25":0,"26":0,"28":0,"29":0,"30":0,"31":0,"32":0,"33":0,"34":0,"35":0,"36":0,"37":0,"38":0,"39":0,"40":0,"42":0,"43":0,"44":0,"47":0,"48":0,"49":0,"51":0,"52":0,"53":0,"54":0,"55":0,"56":0,"57":0,"60":0,"61":0,"62":0,"63":0,"64":0,"65":0,"66":0,"67":0,"68":0,"69":0,"70":0,"71":0,"72":0,"74":0,"75":0,"77":0,"78":0,"79":0,"80":0,"81":0,"83":0,"86":0,"87":0,"88":0,"89":0},"branchMap":{"0":{"type":"branch","line":1,"loc":{"start":{"line":1,"column":0},"end":{"line":90,"column":-447}},"locations":[{"start":{"line":1,"column":0},"end":{"line":90,"column":-447}}]}},"b":{"0":[0]},"fnMap":{"0":{"name":"(empty-report)","decl":{"start":{"line":1,"column":0},"end":{"line":90,"column":-447}},"loc":{"start":{"line":1,"column":0},"end":{"line":90,"column":-447}},"line":1}},"f":{"0":0}}
,"C:\\Users\\bizai\\Documents\\GitHub\\OtelE2E\\server\\api\\health-routes.ts": {"path":"C:\\Users\\bizai\\Documents\\GitHub\\OtelE2E\\server\\api\\health-routes.ts","all":false,"statementMap":{"0":{"start":{"line":1,"column":0},"end":{"line":1,"column":3}},"7":{"start":{"line":8,"column":0},"end":{"line":8,"column":52}},"8":{"start":{"line":9,"column":0},"end":{"line":9,"column":23}},"9":{"start":{"line":10,"column":0},"end":{"line":10,"column":61}},"10":{"start":{"line":11,"column":0},"end":{"line":11,"column":45}},"12":{"start":{"line":13,"column":0},"end":{"line":13,"column":24}},"13":{"start":{"line":14,"column":0},"end":{"line":14,"column":38}},"15":{"start":{"line":16,"column":0},"end":{"line":16,"column":29}},"35":{"start":{"line":36,"column":0},"end":{"line":36,"column":56}},"36":{"start":{"line":37,"column":0},"end":{"line":37,"column":32}},"37":{"start":{"line":38,"column":0},"end":{"line":38,"column":22}},"38":{"start":{"line":39,"column":0},"end":{"line":39,"column":40}},"39":{"start":{"line":40,"column":0},"end":{"line":40,"column":56}},"40":{"start":{"line":41,"column":0},"end":{"line":41,"column":56}},"41":{"start":{"line":42,"column":0},"end":{"line":42,"column":4}},"43":{"start":{"line":44,"column":0},"end":{"line":44,"column":31}},"44":{"start":{"line":45,"column":0},"end":{"line":45,"column":3}},"53":{"start":{"line":54,"column":0},"end":{"line":54,"column":61}},"54":{"start":{"line":55,"column":0},"end":{"line":55,"column":44}},"55":{"start":{"line":56,"column":0},"end":{"line":56,"column":28}},"58":{"start":{"line":59,"column":0},"end":{"line":59,"column":7}},"59":{"start":{"line":60,"column":0},"end":{"line":60,"column":31}},"60":{"start":{"line":61,"column":0},"end":{"line":61,"column":31}},"61":{"start":{"line":62,"column":0},"end":{"line":62,"column":43}},"63":{"start":{"line":64,"column":0},"end":{"line":64,"column":23}},"64":{"start":{"line":65,"column":0},"end":{"line":65,"column":26}},"65":{"start":{"line":66,"column":0},"end":{"line":66,"column":27}},"66":{"start":{"line":67,"column":0},"end":{"line":67,"column":6}},"69":{"start":{"line":70,"column":0},"end":{"line":70,"column":27}},"70":{"start":{"line":71,"column":0},"end":{"line":71,"column":70}},"71":{"start":{"line":72,"column":0},"end":{"line":72,"column":5}},"72":{"start":{"line":73,"column":0},"end":{"line":73,"column":24}},"73":{"start":{"line":74,"column":0},"end":{"line":74,"column":23}},"74":{"start":{"line":75,"column":0},"end":{"line":75,"column":29}},"75":{"start":{"line":76,"column":0},"end":{"line":76,"column":6}},"76":{"start":{"line":77,"column":0},"end":{"line":77,"column":27}},"77":{"start":{"line":78,"column":0},"end":{"line":78,"column":65}},"78":{"start":{"line":79,"column":0},"end":{"line":79,"column":3}},"81":{"start":{"line":82,"column":0},"end":{"line":82,"column":7}},"82":{"start":{"line":83,"column":0},"end":{"line":83,"column":53}},"83":{"start":{"line":84,"column":0},"end":{"line":84,"column":23}},"84":{"start":{"line":85,"column":0},"end":{"line":85,"column":57}},"85":{"start":{"line":86,"column":0},"end":{"line":86,"column":6}},"87":{"start":{"line":88,"column":0},"end":{"line":88,"column":24}},"88":{"start":{"line":89,"column":0},"end":{"line":89,"column":23}},"89":{"start":{"line":90,"column":0},"end":{"line":90,"column":22}},"90":{"start":{"line":91,"column":0},"end":{"line":91,"column":6}},"91":{"start":{"line":92,"column":0},"end":{"line":92,"column":3}},"93":{"start":{"line":94,"column":0},"end":{"line":94,"column":32}},"94":{"start":{"line":95,"column":0},"end":{"line":95,"column":53}},"95":{"start":{"line":96,"column":0},"end":{"line":96,"column":40}},"96":{"start":{"line":97,"column":0},"end":{"line":97,"column":56}},"97":{"start":{"line":98,"column":0},"end":{"line":98,"column":56}},"98":{"start":{"line":99,"column":0},"end":{"line":99,"column":11}},"99":{"start":{"line":100,"column":0},"end":{"line":100,"column":4}},"102":{"start":{"line":103,"column":0},"end":{"line":103,"column":54}},"103":{"start":{"line":104,"column":0},"end":{"line":104,"column":3}},"111":{"start":{"line":112,"column":0},"end":{"line":112,"column":70}},"112":{"start":{"line":113,"column":0},"end":{"line":113,"column":41}},"115":{"start":{"line":116,"column":0},"end":{"line":116,"column":7}},"116":{"start":{"line":117,"column":0},"end":{"line":117,"column":31}},"117":{"start":{"line":118,"column":0},"end":{"line":118,"column":35}},"122":{"start":{"line":123,"column":0},"end":{"line":123,"column":7}},"123":{"start":{"line":124,"column":0},"end":{"line":124,"column":43}},"125":{"start":{"line":126,"column":0},"end":{"line":126,"column":23}},"126":{"start":{"line":127,"column":0},"end":{"line":127,"column":26}},"127":{"start":{"line":128,"column":0},"end":{"line":128,"column":27}},"128":{"start":{"line":129,"column":0},"end":{"line":129,"column":28}},"129":{"start":{"line":130,"column":0},"end":{"line":130,"column":6}},"130":{"start":{"line":131,"column":0},"end":{"line":131,"column":24}},"131":{"start":{"line":132,"column":0},"end":{"line":132,"column":23}},"132":{"start":{"line":133,"column":0},"end":{"line":133,"column":22}},"133":{"start":{"line":134,"column":0},"end":{"line":134,"column":27}},"134":{"start":{"line":135,"column":0},"end":{"line":135,"column":6}},"135":{"start":{"line":136,"column":0},"end":{"line":136,"column":3}},"138":{"start":{"line":139,"column":0},"end":{"line":139,"column":41}},"139":{"start":{"line":140,"column":0},"end":{"line":140,"column":19}},"140":{"start":{"line":141,"column":0},"end":{"line":141,"column":65}},"141":{"start":{"line":142,"column":0},"end":{"line":142,"column":67}},"142":{"start":{"line":143,"column":0},"end":{"line":143,"column":55}},"143":{"start":{"line":144,"column":0},"end":{"line":144,"column":4}},"146":{"start":{"line":147,"column":0},"end":{"line":147,"column":20}},"147":{"start":{"line":148,"column":0},"end":{"line":148,"column":56}},"148":{"start":{"line":149,"column":0},"end":{"line":149,"column":33}},"149":{"start":{"line":150,"column":0},"end":{"line":150,"column":21}},"150":{"start":{"line":151,"column":0},"end":{"line":151,"column":4}},"152":{"start":{"line":153,"column":0},"end":{"line":153,"column":12}},"153":{"start":{"line":154,"column":0},"end":{"line":154,"column":40}},"154":{"start":{"line":155,"column":0},"end":{"line":155,"column":11}},"155":{"start":{"line":156,"column":0},"end":{"line":156,"column":5}},"156":{"start":{"line":157,"column":0},"end":{"line":157,"column":3}},"158":{"start":{"line":159,"column":0},"end":{"line":159,"column":22}}},"s":{"0":1,"7":1,"8":1,"9":1,"10":1,"12":1,"13":1,"15":1,"35":1,"36":3,"37":3,"38":3,"39":3,"40":3,"41":3,"43":3,"44":3,"53":1,"54":5,"55":5,"58":5,"59":5,"60":5,"61":4,"63":4,"64":4,"65":4,"66":4,"69":5,"70":0,"71":0,"72":5,"73":1,"74":1,"75":1,"76":1,"77":1,"78":1,"81":5,"82":5,"83":5,"84":5,"85":5,"87":5,"88":0,"89":0,"90":0,"91":0,"93":5,"94":5,"95":5,"96":5,"97":5,"98":5,"99":5,"102":5,"103":5,"111":1,"112":5,"115":5,"116":5,"117":5,"122":5,"123":4,"125":4,"126":4,"127":4,"128":4,"129":4,"130":5,"131":1,"132":1,"133":1,"134":1,"135":1,"138":5,"139":5,"140":5,"141":5,"142":5,"143":5,"146":5,"147":5,"148":5,"149":5,"150":5,"152":5,"153":5,"154":5,"155":5,"156":5,"158":1},"branchMap":{"0":{"type":"branch","line":36,"loc":{"start":{"line":36,"column":22},"end":{"line":45,"column":3}},"locations":[{"start":{"line":36,"column":22},"end":{"line":45,"column":3}}]},"1":{"type":"branch","line":41,"loc":{"start":{"line":41,"column":25},"end":{"line":41,"column":56}},"locations":[{"start":{"line":41,"column":25},"end":{"line":41,"column":56}}]},"2":{"type":"branch","line":54,"loc":{"start":{"line":54,"column":21},"end":{"line":104,"column":3}},"locations":[{"start":{"line":54,"column":21},"end":{"line":104,"column":3}}]},"3":{"type":"branch","line":61,"loc":{"start":{"line":61,"column":29},"end":{"line":70,"column":26}},"locations":[{"start":{"line":61,"column":29},"end":{"line":70,"column":26}}]},"4":{"type":"branch","line":70,"loc":{"start":{"line":70,"column":26},"end":{"line":72,"column":5}},"locations":[{"start":{"line":70,"column":26},"end":{"line":72,"column":5}}]},"5":{"type":"branch","line":73,"loc":{"start":{"line":73,"column":2},"end":{"line":79,"column":3}},"locations":[{"start":{"line":73,"column":2},"end":{"line":79,"column":3}}]},"6":{"type":"branch","line":85,"loc":{"start":{"line":85,"column":14},"end":{"line":85,"column":42}},"locations":[{"start":{"line":85,"column":14},"end":{"line":85,"column":42}}]},"7":{"type":"branch","line":85,"loc":{"start":{"line":85,"column":28},"end":{"line":85,"column":57}},"locations":[{"start":{"line":85,"column":28},"end":{"line":85,"column":57}}]},"8":{"type":"branch","line":88,"loc":{"start":{"line":88,"column":2},"end":{"line":92,"column":3}},"locations":[{"start":{"line":88,"column":2},"end":{"line":92,"column":3}}]},"9":{"type":"branch","line":95,"loc":{"start":{"line":95,"column":12},"end":{"line":95,"column":41}},"locations":[{"start":{"line":95,"column":12},"end":{"line":95,"column":41}}]},"10":{"type":"branch","line":95,"loc":{"start":{"line":95,"column":29},"end":{"line":95,"column":53}},"locations":[{"start":{"line":95,"column":29},"end":{"line":95,"column":53}}]},"11":{"type":"branch","line":98,"loc":{"start":{"line":98,"column":25},"end":{"line":98,"column":56}},"locations":[{"start":{"line":98,"column":25},"end":{"line":98,"column":56}}]},"12":{"type":"branch","line":103,"loc":{"start":{"line":103,"column":13},"end":{"line":103,"column":36}},"locations":[{"start":{"line":103,"column":13},"end":{"line":103,"column":36}}]},"13":{"type":"branch","line":103,"loc":{"start":{"line":103,"column":30},"end":{"line":103,"column":39}},"locations":[{"start":{"line":103,"column":30},"end":{"line":103,"column":39}}]},"14":{"type":"branch","line":112,"loc":{"start":{"line":112,"column":30},"end":{"line":157,"column":3}},"locations":[{"start":{"line":112,"column":30},"end":{"line":157,"column":3}}]},"15":{"type":"branch","line":123,"loc":{"start":{"line":123,"column":5},"end":{"line":131,"column":11}},"locations":[{"start":{"line":123,"column":5},"end":{"line":131,"column":11}}]},"16":{"type":"branch","line":131,"loc":{"start":{"line":131,"column":2},"end":{"line":136,"column":3}},"locations":[{"start":{"line":131,"column":2},"end":{"line":136,"column":3}}]}},"b":{"0":[3],"1":[0],"2":[5],"3":[4],"4":[0],"5":[1],"6":[2],"7":[3],"8":[0],"9":[4],"10":[1],"11":[0],"12":[4],"13":[1],"14":[5],"15":[4],"16":[1]},"fnMap":{},"f":{}}
,"C:\\Users\\bizai\\Documents\\GitHub\\OtelE2E\\server\\api\\public-routes.ts": {"path":"C:\\Users\\bizai\\Documents\\GitHub\\OtelE2E\\server\\api\\public-routes.ts","all":false,"statementMap":{"0":{"start":{"line":1,"column":0},"end":{"line":1,"column":3}},"7":{"start":{"line":8,"column":0},"end":{"line":8,"column":52}},"8":{"start":{"line":9,"column":0},"end":{"line":9,"column":71}},"9":{"start":{"line":10,"column":0},"end":{"line":10,"column":45}},"10":{"start":{"line":11,"column":0},"end":{"line":11,"column":24}},"12":{"start":{"line":13,"column":0},"end":{"line":13,"column":45}},"13":{"start":{"line":14,"column":0},"end":{"line":14,"column":24}},"16":{"start":{"line":17,"column":0},"end":{"line":17,"column":36}},"17":{"start":{"line":18,"column":0},"end":{"line":18,"column":49}},"18":{"start":{"line":19,"column":0},"end":{"line":19,"column":24}},"19":{"start":{"line":20,"column":0},"end":{"line":20,"column":30}},"20":{"start":{"line":21,"column":0},"end":{"line":21,"column":66}},"21":{"start":{"line":22,"column":0},"end":{"line":22,"column":5}},"22":{"start":{"line":23,"column":0},"end":{"line":23,"column":3}},"24":{"start":{"line":25,"column":0},"end":{"line":25,"column":36}},"25":{"start":{"line":26,"column":0},"end":{"line":26,"column":53}},"26":{"start":{"line":27,"column":0},"end":{"line":27,"column":3}},"34":{"start":{"line":35,"column":0},"end":{"line":35,"column":62}},"35":{"start":{"line":36,"column":0},"end":{"line":36,"column":7}},"36":{"start":{"line":37,"column":0},"end":{"line":37,"column":63}},"37":{"start":{"line":38,"column":0},"end":{"line":38,"column":21}},"38":{"start":{"line":39,"column":0},"end":{"line":39,"column":24}},"39":{"start":{"line":40,"column":0},"end":{"line":40,"column":64}},"40":{"start":{"line":41,"column":0},"end":{"line":41,"column":27}},"41":{"start":{"line":42,"column":0},"end":{"line":42,"column":48}},"42":{"start":{"line":43,"column":0},"end":{"line":43,"column":41}},"43":{"start":{"line":44,"column":0},"end":{"line":44,"column":7}},"44":{"start":{"line":45,"column":0},"end":{"line":45,"column":3}},"45":{"start":{"line":46,"column":0},"end":{"line":46,"column":3}},"53":{"start":{"line":54,"column":0},"end":{"line":54,"column":62}},"54":{"start":{"line":55,"column":0},"end":{"line":55,"column":7}},"56":{"start":{"line":57,"column":0},"end":{"line":57,"column":57}},"57":{"start":{"line":58,"column":0},"end":{"line":58,"column":68}},"59":{"start":{"line":60,"column":0},"end":{"line":60,"column":14}},"60":{"start":{"line":61,"column":0},"end":{"line":61,"column":13}},"61":{"start":{"line":62,"column":0},"end":{"line":62,"column":27}},"62":{"start":{"line":63,"column":0},"end":{"line":63,"column":41}},"63":{"start":{"line":64,"column":0},"end":{"line":64,"column":7}},"64":{"start":{"line":65,"column":0},"end":{"line":65,"column":24}},"65":{"start":{"line":66,"column":0},"end":{"line":66,"column":38}},"66":{"start":{"line":67,"column":0},"end":{"line":67,"column":69}},"67":{"start":{"line":68,"column":0},"end":{"line":68,"column":36}},"68":{"start":{"line":69,"column":0},"end":{"line":69,"column":42}},"69":{"start":{"line":70,"column":0},"end":{"line":70,"column":30}},"70":{"start":{"line":71,"column":0},"end":{"line":71,"column":43}},"71":{"start":{"line":72,"column":0},"end":{"line":72,"column":9}},"72":{"start":{"line":73,"column":0},"end":{"line":73,"column":5}},"74":{"start":{"line":75,"column":0},"end":{"line":75,"column":64}},"75":{"start":{"line":76,"column":0},"end":{"line":76,"column":27}},"76":{"start":{"line":77,"column":0},"end":{"line":77,"column":41}},"77":{"start":{"line":78,"column":0},"end":{"line":78,"column":41}},"78":{"start":{"line":79,"column":0},"end":{"line":79,"column":7}},"79":{"start":{"line":80,"column":0},"end":{"line":80,"column":3}},"80":{"start":{"line":81,"column":0},"end":{"line":81,"column":3}},"88":{"start":{"line":89,"column":0},"end":{"line":89,"column":63}},"89":{"start":{"line":90,"column":0},"end":{"line":90,"column":7}},"90":{"start":{"line":91,"column":0},"end":{"line":91,"column":71}},"91":{"start":{"line":92,"column":0},"end":{"line":92,"column":22}},"92":{"start":{"line":93,"column":0},"end":{"line":93,"column":24}},"93":{"start":{"line":94,"column":0},"end":{"line":94,"column":71}},"94":{"start":{"line":95,"column":0},"end":{"line":95,"column":27}},"95":{"start":{"line":96,"column":0},"end":{"line":96,"column":42}},"96":{"start":{"line":97,"column":0},"end":{"line":97,"column":41}},"97":{"start":{"line":98,"column":0},"end":{"line":98,"column":7}},"98":{"start":{"line":99,"column":0},"end":{"line":99,"column":3}},"99":{"start":{"line":100,"column":0},"end":{"line":100,"column":3}},"107":{"start":{"line":108,"column":0},"end":{"line":108,"column":70}},"108":{"start":{"line":109,"column":0},"end":{"line":109,"column":7}},"110":{"start":{"line":111,"column":0},"end":{"line":111,"column":60}},"111":{"start":{"line":112,"column":0},"end":{"line":112,"column":67}},"113":{"start":{"line":114,"column":0},"end":{"line":114,"column":17}},"114":{"start":{"line":115,"column":0},"end":{"line":115,"column":36}},"115":{"start":{"line":116,"column":0},"end":{"line":116,"column":33}},"116":{"start":{"line":117,"column":0},"end":{"line":117,"column":16}},"117":{"start":{"line":118,"column":0},"end":{"line":118,"column":43}},"118":{"start":{"line":119,"column":0},"end":{"line":119,"column":9}},"119":{"start":{"line":120,"column":0},"end":{"line":120,"column":5}},"121":{"start":{"line":122,"column":0},"end":{"line":122,"column":20}},"122":{"start":{"line":123,"column":0},"end":{"line":123,"column":24}},"123":{"start":{"line":124,"column":0},"end":{"line":124,"column":38}},"124":{"start":{"line":125,"column":0},"end":{"line":125,"column":61}},"125":{"start":{"line":126,"column":0},"end":{"line":126,"column":36}},"126":{"start":{"line":127,"column":0},"end":{"line":127,"column":34}},"127":{"start":{"line":128,"column":0},"end":{"line":128,"column":30}},"128":{"start":{"line":129,"column":0},"end":{"line":129,"column":43}},"129":{"start":{"line":130,"column":0},"end":{"line":130,"column":9}},"130":{"start":{"line":131,"column":0},"end":{"line":131,"column":5}},"132":{"start":{"line":133,"column":0},"end":{"line":133,"column":62}},"133":{"start":{"line":134,"column":0},"end":{"line":134,"column":27}},"134":{"start":{"line":135,"column":0},"end":{"line":135,"column":40}},"135":{"start":{"line":136,"column":0},"end":{"line":136,"column":41}},"136":{"start":{"line":137,"column":0},"end":{"line":137,"column":7}},"137":{"start":{"line":138,"column":0},"end":{"line":138,"column":3}},"138":{"start":{"line":139,"column":0},"end":{"line":139,"column":3}},"145":{"start":{"line":146,"column":0},"end":{"line":146,"column":56}},"146":{"start":{"line":147,"column":0},"end":{"line":147,"column":12}},"147":{"start":{"line":148,"column":0},"end":{"line":148,"column":26}},"148":{"start":{"line":149,"column":0},"end":{"line":149,"column":40}},"149":{"start":{"line":150,"column":0},"end":{"line":150,"column":38}},"150":{"start":{"line":151,"column":0},"end":{"line":151,"column":5}},"151":{"start":{"line":152,"column":0},"end":{"line":152,"column":3}},"153":{"start":{"line":154,"column":0},"end":{"line":154,"column":22}}},"s":{"0":1,"7":1,"8":1,"9":1,"10":1,"12":1,"13":1,"16":1,"17":1,"18":6,"19":3,"20":3,"21":1,"22":1,"24":1,"25":1,"26":1,"34":1,"35":3,"36":3,"37":2,"38":3,"39":1,"40":1,"41":1,"42":1,"43":1,"44":1,"45":3,"53":1,"54":6,"56":6,"57":6,"59":5,"60":5,"61":5,"62":5,"63":5,"64":6,"65":1,"66":0,"67":0,"68":0,"69":0,"70":0,"71":0,"72":0,"74":1,"75":1,"76":1,"77":1,"78":1,"79":1,"80":6,"88":1,"89":2,"90":2,"91":1,"92":1,"93":1,"94":1,"95":1,"96":1,"97":1,"98":1,"99":2,"107":1,"108":3,"110":3,"111":3,"113":3,"114":1,"115":1,"116":1,"117":1,"118":1,"119":1,"121":1,"122":1,"123":1,"124":0,"125":0,"126":0,"127":0,"128":0,"129":0,"130":0,"132":1,"133":1,"134":1,"135":1,"136":1,"137":1,"138":3,"145":1,"146":1,"147":1,"148":1,"149":1,"150":1,"151":1,"153":1},"branchMap":{"0":{"type":"branch","line":18,"loc":{"start":{"line":18,"column":41},"end":{"line":22,"column":3}},"locations":[{"start":{"line":18,"column":41},"end":{"line":22,"column":3}}]},"1":{"type":"branch","line":19,"loc":{"start":{"line":19,"column":14},"end":{"line":21,"column":66}},"locations":[{"start":{"line":19,"column":14},"end":{"line":21,"column":66}}]},"2":{"type":"branch","line":35,"loc":{"start":{"line":35,"column":22},"end":{"line":46,"column":3}},"locations":[{"start":{"line":35,"column":22},"end":{"line":46,"column":3}}]},"3":{"type":"branch","line":37,"loc":{"start":{"line":37,"column":61},"end":{"line":39,"column":11}},"locations":[{"start":{"line":37,"column":61},"end":{"line":39,"column":11}}]},"4":{"type":"branch","line":39,"loc":{"start":{"line":39,"column":2},"end":{"line":45,"column":3}},"locations":[{"start":{"line":39,"column":2},"end":{"line":45,"column":3}}]},"5":{"type":"branch","line":54,"loc":{"start":{"line":54,"column":22},"end":{"line":81,"column":3}},"locations":[{"start":{"line":54,"column":22},"end":{"line":81,"column":3}}]},"6":{"type":"branch","line":58,"loc":{"start":{"line":58,"column":66},"end":{"line":65,"column":11}},"locations":[{"start":{"line":58,"column":66},"end":{"line":65,"column":11}}]},"7":{"type":"branch","line":65,"loc":{"start":{"line":65,"column":2},"end":{"line":80,"column":3}},"locations":[{"start":{"line":65,"column":2},"end":{"line":80,"column":3}}]},"8":{"type":"branch","line":66,"loc":{"start":{"line":66,"column":37},"end":{"line":73,"column":5}},"locations":[{"start":{"line":66,"column":37},"end":{"line":73,"column":5}}]},"9":{"type":"branch","line":89,"loc":{"start":{"line":89,"column":23},"end":{"line":100,"column":3}},"locations":[{"start":{"line":89,"column":23},"end":{"line":100,"column":3}}]},"10":{"type":"branch","line":91,"loc":{"start":{"line":91,"column":69},"end":{"line":99,"column":3}},"locations":[{"start":{"line":91,"column":69},"end":{"line":99,"column":3}}]},"11":{"type":"branch","line":108,"loc":{"start":{"line":108,"column":30},"end":{"line":139,"column":3}},"locations":[{"start":{"line":108,"column":30},"end":{"line":139,"column":3}}]},"12":{"type":"branch","line":112,"loc":{"start":{"line":112,"column":65},"end":{"line":114,"column":16}},"locations":[{"start":{"line":112,"column":65},"end":{"line":114,"column":16}}]},"13":{"type":"branch","line":114,"loc":{"start":{"line":114,"column":16},"end":{"line":138,"column":3}},"locations":[{"start":{"line":114,"column":16},"end":{"line":138,"column":3}}]},"14":{"type":"branch","line":124,"loc":{"start":{"line":124,"column":37},"end":{"line":131,"column":5}},"locations":[{"start":{"line":124,"column":37},"end":{"line":131,"column":5}}]},"15":{"type":"branch","line":146,"loc":{"start":{"line":146,"column":22},"end":{"line":152,"column":3}},"locations":[{"start":{"line":146,"column":22},"end":{"line":152,"column":3}}]}},"b":{"0":[6],"1":[3],"2":[3],"3":[2],"4":[1],"5":[6],"6":[5],"7":[1],"8":[0],"9":[2],"10":[1],"11":[3],"12":[2],"13":[1],"14":[0],"15":[1]},"fnMap":{},"f":{}}
,"C:\\Users\\bizai\\Documents\\GitHub\\OtelE2E\\server\\api\\routes.ts": {"path":"C:\\Users\\bizai\\Documents\\GitHub\\OtelE2E\\server\\api\\routes.ts","all":false,"statementMap":{"0":{"start":{"line":1,"column":0},"end":{"line":1,"column":37}},"13":{"start":{"line":14,"column":0},"end":{"line":14,"column":42}},"15":{"start":{"line":16,"column":0},"end":{"line":16,"column":46}},"16":{"start":{"line":17,"column":0},"end":{"line":17,"column":40}},"23":{"start":{"line":24,"column":0},"end":{"line":24,"column":64}},"24":{"start":{"line":25,"column":0},"end":{"line":25,"column":9}},"26":{"start":{"line":27,"column":0},"end":{"line":27,"column":36}},"27":{"start":{"line":28,"column":0},"end":{"line":28,"column":105}},"28":{"start":{"line":29,"column":0},"end":{"line":29,"column":8}},"31":{"start":{"line":32,"column":0},"end":{"line":32,"column":46}},"32":{"start":{"line":33,"column":0},"end":{"line":33,"column":20}},"33":{"start":{"line":34,"column":0},"end":{"line":34,"column":69}},"34":{"start":{"line":35,"column":0},"end":{"line":35,"column":26}},"35":{"start":{"line":36,"column":0},"end":{"line":36,"column":20}},"36":{"start":{"line":37,"column":0},"end":{"line":37,"column":10}},"38":{"start":{"line":39,"column":0},"end":{"line":39,"column":22}},"39":{"start":{"line":40,"column":0},"end":{"line":40,"column":26}},"40":{"start":{"line":41,"column":0},"end":{"line":41,"column":70}},"41":{"start":{"line":42,"column":0},"end":{"line":42,"column":63}},"42":{"start":{"line":43,"column":0},"end":{"line":43,"column":5}},"43":{"start":{"line":44,"column":0},"end":{"line":44,"column":5}},"50":{"start":{"line":51,"column":0},"end":{"line":51,"column":64}},"51":{"start":{"line":52,"column":0},"end":{"line":52,"column":9}},"52":{"start":{"line":53,"column":0},"end":{"line":53,"column":31}},"53":{"start":{"line":54,"column":0},"end":{"line":54,"column":16}},"54":{"start":{"line":55,"column":0},"end":{"line":55,"column":24}},"55":{"start":{"line":56,"column":0},"end":{"line":56,"column":14}},"56":{"start":{"line":57,"column":0},"end":{"line":57,"column":45}},"57":{"start":{"line":58,"column":0},"end":{"line":58,"column":29}},"58":{"start":{"line":59,"column":0},"end":{"line":59,"column":9}},"59":{"start":{"line":60,"column":0},"end":{"line":60,"column":26}},"60":{"start":{"line":61,"column":0},"end":{"line":61,"column":63}},"61":{"start":{"line":62,"column":0},"end":{"line":62,"column":5}},"62":{"start":{"line":63,"column":0},"end":{"line":63,"column":5}},"65":{"start":{"line":66,"column":0},"end":{"line":66,"column":65}},"66":{"start":{"line":67,"column":0},"end":{"line":67,"column":9}},"67":{"start":{"line":68,"column":0},"end":{"line":68,"column":61}},"68":{"start":{"line":69,"column":0},"end":{"line":69,"column":58}},"69":{"start":{"line":70,"column":0},"end":{"line":70,"column":20}},"70":{"start":{"line":71,"column":0},"end":{"line":71,"column":65}},"71":{"start":{"line":72,"column":0},"end":{"line":72,"column":7}},"72":{"start":{"line":73,"column":0},"end":{"line":73,"column":31}},"73":{"start":{"line":74,"column":0},"end":{"line":74,"column":16}},"74":{"start":{"line":75,"column":0},"end":{"line":75,"column":18}},"75":{"start":{"line":76,"column":0},"end":{"line":76,"column":37}},"76":{"start":{"line":77,"column":0},"end":{"line":77,"column":53}},"77":{"start":{"line":78,"column":0},"end":{"line":78,"column":9}},"78":{"start":{"line":79,"column":0},"end":{"line":79,"column":26}},"79":{"start":{"line":80,"column":0},"end":{"line":80,"column":64}},"80":{"start":{"line":81,"column":0},"end":{"line":81,"column":5}},"81":{"start":{"line":82,"column":0},"end":{"line":82,"column":5}},"84":{"start":{"line":85,"column":0},"end":{"line":85,"column":73}},"85":{"start":{"line":86,"column":0},"end":{"line":86,"column":9}},"86":{"start":{"line":87,"column":0},"end":{"line":87,"column":36}},"87":{"start":{"line":88,"column":0},"end":{"line":88,"column":58}},"88":{"start":{"line":89,"column":0},"end":{"line":89,"column":20}},"89":{"start":{"line":90,"column":0},"end":{"line":90,"column":65}},"90":{"start":{"line":91,"column":0},"end":{"line":91,"column":7}},"91":{"start":{"line":92,"column":0},"end":{"line":92,"column":31}},"92":{"start":{"line":93,"column":0},"end":{"line":93,"column":16}},"93":{"start":{"line":94,"column":0},"end":{"line":94,"column":18}},"94":{"start":{"line":95,"column":0},"end":{"line":95,"column":37}},"95":{"start":{"line":96,"column":0},"end":{"line":96,"column":53}},"96":{"start":{"line":97,"column":0},"end":{"line":97,"column":9}},"97":{"start":{"line":98,"column":0},"end":{"line":98,"column":26}},"98":{"start":{"line":99,"column":0},"end":{"line":99,"column":64}},"99":{"start":{"line":100,"column":0},"end":{"line":100,"column":5}},"100":{"start":{"line":101,"column":0},"end":{"line":101,"column":5}},"107":{"start":{"line":108,"column":0},"end":{"line":108,"column":66}},"108":{"start":{"line":109,"column":0},"end":{"line":109,"column":9}},"109":{"start":{"line":110,"column":0},"end":{"line":110,"column":61}},"110":{"start":{"line":111,"column":0},"end":{"line":111,"column":32}},"111":{"start":{"line":112,"column":0},"end":{"line":112,"column":97}},"112":{"start":{"line":113,"column":0},"end":{"line":113,"column":7}},"115":{"start":{"line":116,"column":0},"end":{"line":116,"column":60}},"116":{"start":{"line":117,"column":0},"end":{"line":117,"column":37}},"117":{"start":{"line":118,"column":0},"end":{"line":118,"column":9}},"119":{"start":{"line":120,"column":0},"end":{"line":120,"column":65}},"120":{"start":{"line":121,"column":0},"end":{"line":121,"column":32}},"121":{"start":{"line":122,"column":0},"end":{"line":122,"column":37}},"122":{"start":{"line":123,"column":0},"end":{"line":123,"column":41}},"123":{"start":{"line":124,"column":0},"end":{"line":124,"column":57}},"124":{"start":{"line":125,"column":0},"end":{"line":125,"column":11}},"125":{"start":{"line":126,"column":0},"end":{"line":126,"column":7}},"127":{"start":{"line":128,"column":0},"end":{"line":128,"column":40}},"129":{"start":{"line":130,"column":0},"end":{"line":130,"column":53}},"130":{"start":{"line":131,"column":0},"end":{"line":131,"column":44}},"131":{"start":{"line":132,"column":0},"end":{"line":132,"column":29}},"132":{"start":{"line":133,"column":0},"end":{"line":133,"column":29}},"133":{"start":{"line":134,"column":0},"end":{"line":134,"column":37}},"134":{"start":{"line":135,"column":0},"end":{"line":135,"column":38}},"135":{"start":{"line":136,"column":0},"end":{"line":136,"column":9}},"137":{"start":{"line":138,"column":0},"end":{"line":138,"column":79}},"139":{"start":{"line":140,"column":0},"end":{"line":140,"column":16}},"140":{"start":{"line":141,"column":0},"end":{"line":141,"column":22}},"141":{"start":{"line":142,"column":0},"end":{"line":142,"column":32}},"142":{"start":{"line":143,"column":0},"end":{"line":143,"column":16}},"143":{"start":{"line":144,"column":0},"end":{"line":144,"column":34}},"144":{"start":{"line":145,"column":0},"end":{"line":145,"column":31}},"145":{"start":{"line":146,"column":0},"end":{"line":146,"column":31}},"146":{"start":{"line":147,"column":0},"end":{"line":147,"column":38}},"147":{"start":{"line":148,"column":0},"end":{"line":148,"column":10}},"148":{"start":{"line":149,"column":0},"end":{"line":149,"column":36}},"149":{"start":{"line":150,"col
[...]
line":122,"column":4},"end":{"line":125,"column":6}},"loc":{"start":{"line":122,"column":4},"end":{"line":125,"column":6}},"line":122},"3":{"name":"getWallets","decl":{"start":{"line":130,"column":4},"end":{"line":139,"column":6}},"loc":{"start":{"line":130,"column":4},"end":{"line":139,"column":6}},"line":130},"4":{"name":"getWallet","decl":{"start":{"line":144,"column":4},"end":{"line":150,"column":6}},"loc":{"start":{"line":144,"column":4},"end":{"line":150,"column":6}},"line":144},"5":{"name":"getWalletById","decl":{"start":{"line":155,"column":4},"end":{"line":161,"column":6}},"loc":{"start":{"line":155,"column":4},"end":{"line":161,"column":6}},"line":155},"6":{"name":"credit","decl":{"start":{"line":166,"column":4},"end":{"line":204,"column":6}},"loc":{"start":{"line":166,"column":4},"end":{"line":204,"column":6}},"line":166},"7":{"name":"debit","decl":{"start":{"line":209,"column":4},"end":{"line":257,"column":6}},"loc":{"start":{"line":209,"column":4},"end":{"line":257,"column":6}},"line":209},"8":{"name":"lockFunds","decl":{"start":{"line":262,"column":4},"end":{"line":269,"column":6}},"loc":{"start":{"line":262,"column":4},"end":{"line":269,"column":6}},"line":262},"9":{"name":"unlockFunds","decl":{"start":{"line":274,"column":4},"end":{"line":281,"column":6}},"loc":{"start":{"line":274,"column":4},"end":{"line":281,"column":6}},"line":274},"10":{"name":"getTransactions","decl":{"start":{"line":286,"column":4},"end":{"line":297,"column":6}},"loc":{"start":{"line":286,"column":4},"end":{"line":297,"column":6}},"line":286},"11":{"name":"getBalanceSummary","decl":{"start":{"line":302,"column":4},"end":{"line":315,"column":6}},"loc":{"start":{"line":302,"column":4},"end":{"line":315,"column":6}},"line":302},"12":{"name":"transfer","decl":{"start":{"line":320,"column":4},"end":{"line":411,"column":5}},"loc":{"start":{"line":320,"column":4},"end":{"line":411,"column":5}},"line":320}},"f":{"0":2,"1":11,"2":4,"3":6,"4":8,"5":4,"6":3,"7":3,"8":1,"9":1,"10":2,"11":1,"12":4}}
,"C:\\Users\\bizai\\Documents\\GitHub\\OtelE2E\\shared\\schema.ts": {"path":"C:\\Users\\bizai\\Documents\\GitHub\\OtelE2E\\shared\\schema.ts","all":false,"statementMap":{"0":{"start":{"line":1,"column":0},"end":{"line":1,"column":24}},"8":{"start":{"line":9,"column":0},"end":{"line":9,"column":45}},"9":{"start":{"line":10,"column":0},"end":{"line":10,"column":88}},"12":{"start":{"line":13,"column":0},"end":{"line":13,"column":40}},"13":{"start":{"line":14,"column":0},"end":{"line":14,"column":65}},"14":{"start":{"line":15,"column":0},"end":{"line":15,"column":60}},"15":{"start":{"line":16,"column":0},"end":{"line":16,"column":59}},"16":{"start":{"line":17,"column":0},"end":{"line":17,"column":59}},"17":{"start":{"line":18,"column":0},"end":{"line":18,"column":47}},"18":{"start":{"line":19,"column":0},"end":{"line":19,"column":22}},"19":{"start":{"line":20,"column":0},"end":{"line":20,"column":3}},"22":{"start":{"line":23,"column":0},"end":{"line":23,"column":45}},"23":{"start":{"line":24,"column":0},"end":{"line":24,"column":23}},"24":{"start":{"line":25,"column":0},"end":{"line":25,"column":39}},"26":{"start":{"line":27,"column":0},"end":{"line":27,"column":28}},"27":{"start":{"line":28,"column":0},"end":{"line":28,"column":61}},"28":{"start":{"line":29,"column":0},"end":{"line":29,"column":24}},"29":{"start":{"line":30,"column":0},"end":{"line":30,"column":3}},"32":{"start":{"line":33,"column":0},"end":{"line":33,"column":49}},"33":{"start":{"line":34,"column":0},"end":{"line":34,"column":21}},"34":{"start":{"line":35,"column":0},"end":{"line":35,"column":33}},"35":{"start":{"line":36,"column":0},"end":{"line":36,"column":30}},"36":{"start":{"line":37,"column":0},"end":{"line":37,"column":3}},"43":{"start":{"line":44,"column":0},"end":{"line":44,"column":43}},"44":{"start":{"line":45,"column":0},"end":{"line":45,"column":29}},"45":{"start":{"line":46,"column":0},"end":{"line":46,"column":32}},"46":{"start":{"line":47,"column":0},"end":{"line":47,"column":34}},"47":{"start":{"line":48,"column":0},"end":{"line":48,"column":32}},"48":{"start":{"line":49,"column":0},"end":{"line":49,"column":3}},"51":{"start":{"line":52,"column":0},"end":{"line":52,"column":45}},"52":{"start":{"line":53,"column":0},"end":{"line":53,"column":32}},"53":{"start":{"line":54,"column":0},"end":{"line":54,"column":42}},"54":{"start":{"line":55,"column":0},"end":{"line":55,"column":32}},"55":{"start":{"line":56,"column":0},"end":{"line":56,"column":37}},"56":{"start":{"line":57,"column":0},"end":{"line":57,"column":3}},"58":{"start":{"line":59,"column":0},"end":{"line":59,"column":37}},"59":{"start":{"line":60,"column":0},"end":{"line":60,"column":22}},"60":{"start":{"line":61,"column":0},"end":{"line":61,"column":29}},"61":{"start":{"line":62,"column":0},"end":{"line":62,"column":32}},"62":{"start":{"line":63,"column":0},"end":{"line":63,"column":23}},"63":{"start":{"line":64,"column":0},"end":{"line":64,"column":32}},"64":{"start":{"line":65,"column":0},"end":{"line":65,"column":52}},"65":{"start":{"line":66,"column":0},"end":{"line":66,"column":35}},"66":{"start":{"line":67,"column":0},"end":{"line":67,"column":36}},"67":{"start":{"line":68,"column":0},"end":{"line":68,"column":22}},"68":{"start":{"line":69,"column":0},"end":{"line":69,"column":21}},"69":{"start":{"line":70,"column":0},"end":{"line":70,"column":22}},"70":{"start":{"line":71,"column":0},"end":{"line":71,"column":3}},"73":{"start":{"line":74,"column":0},"end":{"line":74,"column":41}},"74":{"start":{"line":75,"column":0},"end":{"line":75,"column":22}},"75":{"start":{"line":76,"column":0},"end":{"line":76,"column":26}},"76":{"start":{"line":77,"column":0},"end":{"line":77,"column":19}},"77":{"start":{"line":78,"column":0},"end":{"line":78,"column":32}},"78":{"start":{"line":79,"column":0},"end":{"line":79,"column":23}},"79":{"start":{"line":80,"column":0},"end":{"line":80,"column":24}},"80":{"start":{"line":81,"column":0},"end":{"line":81,"column":25}},"81":{"start":{"line":82,"column":0},"end":{"line":82,"column":41}},"82":{"start":{"line":83,"column":0},"end":{"line":83,"column":26}},"83":{"start":{"line":84,"column":0},"end":{"line":84,"column":24}},"84":{"start":{"line":85,"column":0},"end":{"line":85,"column":3}},"87":{"start":{"line":88,"column":0},"end":{"line":88,"column":38}},"88":{"start":{"line":89,"column":0},"end":{"line":89,"column":18}},"89":{"start":{"line":90,"column":0},"end":{"line":90,"column":18}},"90":{"start":{"line":91,"column":0},"end":{"line":91,"column":24}},"91":{"start":{"line":92,"column":0},"end":{"line":92,"column":3}},"94":{"start":{"line":95,"column":0},"end":{"line":95,"column":37}},"95":{"start":{"line":96,"column":0},"end":{"line":96,"column":29}},"96":{"start":{"line":97,"column":0},"end":{"line":97,"column":20}},"97":{"start":{"line":98,"column":0},"end":{"line":98,"column":24}},"98":{"start":{"line":99,"column":0},"end":{"line":99,"column":22}},"99":{"start":{"line":100,"column":0},"end":{"line":100,"column":3}},"106":{"start":{"line":107,"column":0},"end":{"line":107,"column":36}},"107":{"start":{"line":108,"column":0},"end":{"line":108,"column":17}},"108":{"start":{"line":109,"column":0},"end":{"line":109,"column":19}},"109":{"start":{"line":110,"column":0},"end":{"line":110,"column":32}},"110":{"start":{"line":111,"column":0},"end":{"line":111,"column":3}},"113":{"start":{"line":114,"column":0},"end":{"line":114,"column":53}},"114":{"start":{"line":115,"column":0},"end":{"line":115,"column":21}},"115":{"start":{"line":116,"column":0},"end":{"line":116,"column":3}},"118":{"start":{"line":119,"column":0},"end":{"line":119,"column":46}},"119":{"start":{"line":120,"column":0},"end":{"line":120,"column":61}},"120":{"start":{"line":121,"column":0},"end":{"line":121,"column":64}},"121":{"start":{"line":122,"column":0},"end":{"line":122,"column":32}},"123":{"start":{"line":124,"column":0},"end":{"line":124,"column":36}},"124":{"start":{"line":125,"column":0},"end":{"line":125,"column":34}},"125":{"start":{"line":126,"column":0},"end":{"line":126,"column":3}},"127":{"start":{"line":128,"column":0},"end":{"line":128,"column":40}},"128":{"start":{"line":129,"column":0},"end":{"line":129,"column":25}},"129":{"start":{"line":130,"column":0},"end":{"line":130,"column":60}},"130":{"start":{"line":131,"column":0},"end":{"line":131,"column":63}},"131":{"start":{"line":132,"column":0},"end":{"line":132,"column":70}},"132":{"start":{"line":133,"column":0},"end":{"line":133,"column":73}},"133":{"start":{"line":134,"column":0},"end":{"line":134,"column":21}},"134":{"start":{"line":135,"column":0},"end":{"line":135,"column":53}},"135":{"start":{"line":136,"column":0},"end":{"line":136,"column":22}},"136":{"start":{"line":137,"column":0},"end":{"line":137,"column":21}},"137":{"start":{"line":138,"column":0},"end":{"line":138,"column":22}},"138":{"start":{"line":139,"column":0},"end":{"line":139,"column":3}},"144":{"start":{"line":145,"column":0},"end":{"line":145,"column":43}},"145":{"start":{"line":146,"column":0},"end":{"line":146,"column":22}},"146":{"start":{"line":147,"column":0},"end":{"line":147,"column":25}},"147":{"start":{"line":148,"column":0},"end":{"line":148,"column":3}},"149":{"start":{"line":150,"column":0},"end":{"line":150,"column":37}},"150":{"start":{"line":151,"column":0},"end":{"line":151,"column":17}},"151":{"start":{"line":152,"column":0},"end":{"line":152,"column":22}},"152":{"start":{"line":153,"column":0},"end":{"line":153,"column":25}},"153":{"start":{"line":154,"column":0},"end":{"line":154,"column":21}},"154":{"start":{"line":155,"column":0},"end":{"line":155,"column":34}},"155":{"start":{"line":156,"column":0},"end":{"line":156,"column":22}},"156":{"start":{"line":157,"column":0},"end":{"line":157,"column":31}},"157":{"start":{"line":158,"column":0},"end":{"line":158,"column":3}},"159":{"start":{"line":160,"column":0},"end":{"line":160,"column":42}},"160":{"start":{"line":161,"column":0},"end":{"line":161,"column":22}},"161":{"start":{"line":162,"column":0},"end":{"line":162,"column":21}},"162":{"start":{"line":163,"column":0},"end":{"line":163,"column":38}},"163":{"start":{"line":164,"column":0},"end":{"line":164,"column":28}},"164":{"start":{"line":165,"column":0},"end":{"line":165,"column":26}},"165":{"start":{"line":166,"column":0},"end":{"line":166,"column":32}},"166":{"start":{"line":167,"column":0},"end":{"line":167,"column":34}},"167":{"start":{"line":168,"column":0},"end":{"line":168,"column":33}},"168":{"start":{"line":169,"column":0},"end":{"line":169,"column":30}},"169":{"start":{"line":170,"column":0},"end":{"line":170,"column":3}},"171":{"start":{"line":172,"column":0},"end":{"line":172,"column":36}},"172":{"start":{"line":173,"column":0},"end":{"line":173,"column":17}},"173":{"start":{"line":174,"column":0},"end":{"line":174,"column":22}},"174":{"start":{"line":175,"column":0},"end":{"line":175,"column":21}},"175":{"start":{"line":176,"column":0},"end":{"line":176,"column":38}},"176":{"start":{"line":177,"column":0},"end":{"line":177,"column":28}},"177":{"start":{"line":178,"column":0},"end":{"line":178,"column":26}},"178":{"start":{"line":179,"column":0},"end":{"line":179,"column":21}},"179":{"start":{"line":180,"column":0},"end":{"line":180,"column":34}},"180":{"start":{"line":181,"column":0},"end":{"line":181,"column":22}},"181":{"start":{"line":182,"column":0},"end":{"line":182,"column":31}},"182":{"start":{"line":183,"column":0},"end":{"line":183,"column":30}},"183":{"start":{"line":184,"column":0},"end":{"line":184,"column":3}},"223":{"start":{"line":224,"column":0},"end":{"line":224,"column":44}},"224":{"start":{"line":225,"column":0},"end":{"line":225,"column":61}},"225":{"start":{"line":226,"column":0},"end":{"line":226,"column":24}},"226":{"start":{"line":227,"column":0},"end":{"line":227,"column":37}},"227":{"start":{"line":228,"column":0},"end":{"line":228,"column":21}},"228":{"start":{"line":229,"column":0},"end":{"line":229,"column":50}},"229":{"start":{"line":230,"column":0},"end":{"line":230,"column":48}},"230":{"start":{"line":231,"column":0},"end":{"line":231,"column":45}},"231":{"start":{"line":232,"column":0},"end":{"line":232,"column":54}},"232":{"start":{"line":233,"column":0},"end":{"line":233,"column":54}},"233":{"start":{"line":234,"column":0},"end":{"line":234,"column":48}},"234":{"start":{"line":235,"column":0},"end":{"line":235,"column":5}},"235":{"start":{"line":236,"column":0},"end":{"line":236,"column":22}},"236":{"start":{"line":237,"column":0},"end":{"line":237,"column":53}},"237":{"start":{"line":238,"column":0},"end":{"line":238,"column":58}},"238":{"start":{"line":239,"column":0},"end":{"line":239,"column":57}},"239":{"start":{"line":240,"column":0},"end":{"line":240,"column":60}},"240":{"start":{"line":241,"column":0},"end":{"line":241,"column":5}},"241":{"start":{"line":242,"column":0},"end":{"line":242,"column":25}},"242":{"start":{"line":243,"column":0},"end":{"line":243,"column":44}},"243":{"start":{"line":244,"column":0},"end":{"line":244,"column":44}},"244":{"start":{"line":245,"column":0},"end":{"line":245,"column":44}},"245":{"start":{"line":246,"column":0},"end":{"line":246,"column":5}},"246":{"start":{"line":247,"column":0},"end":{"line":247,"column":3}},"249":{"start":{"line":250,"column":0},"end":{"line":250,"column":43}},"250":{"start":{"line":251,"column":0},"end":{"line":251,"column":22}},"251":{"start":{"line":252,"column":0},"end":{"line":252,"column":24}},"252":{"start":{"line":253,"column":0},"end":{"line":253,"column":32}},"253":{"start":{"line":254,"column":0},"end":{"line":254,"column":20}},"254":{"start":{"line":255,"column":0},"end":{"line":255,"column":32}},"255":{"start":{"line":256,"column":0},"end":{"line":256,"column":31}},"256":{"start":{"line":257,"column":0},"end":{"line":257,"column":44}},"257":{"start":{"line":258,"column":0},"end":{"line":258,"column":53}},"258":{"start":{"line":259,"column":0},"end":{"line":259,"column":26}},"259":{"start":{"line":260,"column":0},"end":{"line":260,"column":3}},"262":{"start":{"line":263,"column":0},"end":{"line":263,"column":51}},"263":{"start":{"line":264,"column":0},"end":{"line":264,"column":24}},"264":{"start":{"line":265,"column":0},"end":{"line":265,"column":19}},"265":{"start":{"line":266,"column":0},"end":{"line":266,"column":49}},"266":{"start":{"line":267,"column":0},"end":{"line":267,"column":57}},"267":{"start":{"line":268,"column":0},"end":{"line":268,"column":51}},"268":{"start":{"line":269,"column":0},"end":{"line":269,"column":50}},"269":{"start":{"line":270,"column":0},"end":{"line":270,"column":5}},"270":{"start":{"line":271,"column":0},"end":{"line":271,"column":22}},"271":{"start":{"line":272,"column":0},"end":{"line":272,"column":46}},"272":{"start":{"line":273,"column":0},"end":{"line":273,"column":50}},"273":{"start":{"line":274,"column":0},"end":{"line":274,"column":43}},"274":{"start":{"line":275,"column":0},"end":{"line":275,"column":40}},"275":{"start":{"line":276,"column":0},"end":{"line":276,"column":5}},"276":{"start":{"line":277,"column":0},"end":{"line":277,"column":24}},"277":{"start":{"line":278,"column":0},"end":{"line":278,"column":52}},"278":{"start":{"line":279,"column":0},"end":{"line":279,"column":50}},"279":{"start":{"line":280,"column":0},"end":{"line":280,"column":51}},"280":{"start":{"line":281,"column":0},"end":{"line":281,"column":47}},"281":{"start":{"line":282,"column":0},"end":{"line":282,"column":5}},"282":{"start":{"line":283,"column":0},"end":{"line":283,"column":3}},"285":{"start":{"line":286,"column":0},"end":{"line":286,"column":42}},"286":{"start":{"line":287,"column":0},"end":{"line":287,"column":22}},"287":{"start":{"line":288,"column":0},"end":{"line":288,"column":33}},"288":{"start":{"line":289,"column":0},"end":{"line":289,"column":24}},"289":{"start":{"line":290,"column":0},"end":{"line":290,"column":37}},"290":{"start":{"line":291,"column":0},"end":{"line":291,"column":21}},"291":{"start":{"line":292,"column":0},"end":{"line":292,"column":27}},"292":{"start":{"line":293,"column":0},"end":{"line":293,"column":23}},"293":{"start":{"line":294,"column":0},"end":{"line":294,"column":26}},"294":{"start":{"line":295,"column":0},"end":{"line":295,"column":24}},"295":{"start":{"line":296,"column":0},"end":{"line":296,"column":39}},"296":{"start":{"line":297,"column":0},"end":{"line":297,"column":23}},"297":{"start":{"line":298,"column":0},"end":{"line":298,"column":6}},"298":{"start":{"line":299,"column":0},"end":{"line":299,"column":3}},"301":{"start":{"line":302,"column":0},"end":{"line":302,"column":42}},"302":{"start":{"line":303,"column":0},"end":{"line":303,"column":17}},"303":{"start":{"line":304,"column":0},"end":{"line":304,"column":22}},"304":{"start":{"line":305,"column":0},"end":{"line":305,"column":19}},"305":{"start":{"line":306,"column":0},"end":{"line":306,"column":19}},"306":{"start":{"line":307,"column":0},"end":{"line":307,"column":19}},"307":{"start":{"line":308,"column":0},"end":{"line":308,"column":31}},"308":{"start":{"line":309,"column":0},"end":{"line":309,"column":23}},"309":{"start":{"line":310,"column":0},"end":{"line":310,"column":21}},"310":{"start":{"line":311,"column":0},"end":{"line":311,"column":21}},"311":{"start":{"line":312,"column":0},"end":{"line":312,"column":46}},"312":{"start":{"line":313,"column":0},"end":{"line":313,"column":46}},"313":{"start":{"line":314,"column":0},"end":{"line":314,"column":3}},"315":{"start":{"line":316,"column":0},"end":{"line":316,"column":42}},"316":{"start":{"line":317,"column":0},"end":{"line":317,"column":17}},"317":{"start":{"line":318,"column":0},"end":{"line":318,"column":40}},"318":{"start":{"line":319,"column":0},"end":{"line":319,"column":41}},"319":{"start":{"line":320,"column":0},"end":{"line":320,"column":19}},"320":{"start":{"line":321,"column":0},"end":{"line":321,"column":20}},"321":{"start":{"line":322,"column":0},"end":{"line":322,"column":23}},"322":{"start":{"line":323,"column":0},"end":{"line":323,"column":24}},"323":{"start":{"line":324,"column":0},"end":{"line":324,"column":25}},"324":{"start":{"line":325,"column":0},"end":{"line":325,"column":46}},"325":{"start":{"line":326,"column":0},"end":{"line":326,"column":3}}},"s":{"0":1,"8":1,"9":1,"12":1,"13":1,"14":1,"15":1,"16":1,"17":1,"18":1,"19":1,"22":1,"23":1,"24":1,"26":1,"27":1,"28":1,"29":1,"32":1,"33":1,"34":1,"35":1,"36":1,"43":1,"44":1,"45":1,"46":1,"47":1,"48":1,"51":1,"52":1,"53":1,"54":1,"55":1,"56":1,"58":1,"59":1,"60":1,"61":1,"62":1,"63":1,"64":1,"65":1,"66":1,"67":1,"68":1,"69":1,"70":1,"73":1,"74":1,"75":1,"76":1,"77":1,"78":1,"79":1,"80":1,"81":1,"82":1,"83":1,"84":1,"87":1,"88":1,"89":1,"90":1,"91":1,"94":1,"95":1,"96":1,"97":1,"98":1,"99":1,"106":1,"107":1,"108":1,"109":1,"110":1,"113":1,"114":1,"115":1,"118":1,"119":1,"120":1,"121":1,"123":1,"124":1,"125":1,"127":1,"128":1,"129":1,"130":1,"131":1,"132":1,"133":1,"134":1,"135":1,"136":1,"137":1,"138":1,"144":1,"145":1,"146":1,"147":1,"149":1,"150":1,"151":1,"152":1,"153":1,"154":1,"155":1,"156":1,"157":1,"159":1,"160":1,"161":1,"162":1,"163":1,"164":1,"165":1,"166":1,"167":1,"168":1,"169":1,"171":1,"172":1,"173":1,"174":1,"175":1,"176":1,"177":1,"178":1,"179":1,"180":1,"181":1,"182":1,"183":1,"223":1,"224":1,"225":1,"226":1,"227":1,"228":1,"229":1,"230":1,"231":1,"232":1,"233":1,"234":1,"235":1,"236":1,"237":1,"238":1,"239":1,"240":1,"241":1,"242":1,"243":1,"244":1,"245":1,"246":1,"249":1,"250":1,"251":1,"252":1,"253":1,"254":1,"255":1,"256":1,"257":1,"258":1,"259":1,"262":1,"263":1,"264":1,"265":1,"266":1,"267":1,"268":1,"269":1,"270":1,"271":1,"272":1,"273":1,"274":1,"275":1,"276":1,"277":1,"278":1,"279":1,"280":1,"281":1,"282":1,"285":1,"286":1,"287":1,"288":1,"289":1,"290":1,"291":1,"292":1,"293":1,"294":1,"295":1,"296":1,"297":1,"298":1,"301":1,"302":1,"303":1,"304":1,"305":1,"306":1,"307":1,"308":1,"309":1,"310":1,"311":1,"312":1,"313":1,"315":1,"316":1,"317":1,"318":1,"319":1,"320":1,"321":1,"322":1,"323":1,"324":1,"325":1},"branchMap":{},"b":{},"fnMap":{},"f":{}}
}
